[2019-03-20 07:54:49] production.ERROR: ErrorException: file_get_contents(C:\xampp\htdocs\rdeveloper\laravel\e-pilpresma/.env): failed to open stream: No such file or directory in C:\xampp\htdocs\rdeveloper\laravel\e-pilpresma\vendor\laravel\framework\src\Illuminate\Foundation\Console\KeyGenerateCommand.php:57
Stack trace:
#0 [internal function]: Illuminate\Foundation\Bootstrap\HandleExceptions->handleError(2, 'file_get_conten...', 'C:\\xampp\\htdocs...', 57, Array)
#1 C:\xampp\htdocs\rdeveloper\laravel\e-pilpresma\vendor\laravel\framework\src\Illuminate\Foundation\Console\KeyGenerateCommand.php(57): file_get_contents('C:\\xampp\\htdocs...')
#2 C:\xampp\htdocs\rdeveloper\laravel\e-pilpresma\vendor\laravel\framework\src\Illuminate\Foundation\Console\KeyGenerateCommand.php(39): Illuminate\Foundation\Console\KeyGenerateCommand->setKeyInEnvironmentFile('base64:eK5JcQOU...')
#3 [internal function]: Illuminate\Foundation\Console\KeyGenerateCommand->fire()
#4 C:\xampp\htdocs\rdeveloper\laravel\e-pilpresma\bootstrap\cache\compiled.php(1257): call_user_func_array(Array, Array)
#5 C:\xampp\htdocs\rdeveloper\laravel\e-pilpresma\vendor\laravel\framework\src\Illuminate\Console\Command.php(169): Illuminate\Container\Container->call(Array)
#6 C:\xampp\htdocs\rdeveloper\laravel\e-pilpresma\vendor\symfony\console\Command\Command.php(256): Illuminate\Console\Command->execute(Object(Symfony\Component\Console\Input\ArgvInput), Object(Symfony\Component\Console\Output\ConsoleOutput))
#7 C:\xampp\htdocs\rdeveloper\laravel\e-pilpresma\vendor\laravel\framework\src\Illuminate\Console\Command.php(155): Symfony\Component\Console\Command\Command->run(Object(Symfony\Component\Console\Input\ArgvInput), Object(Symfony\Component\Console\Output\ConsoleOutput))
#8 C:\xampp\htdocs\rdeveloper\laravel\e-pilpresma\vendor\symfony\console\Application.php(794): Illuminate\Console\Command->run(Object(Symfony\Component\Console\Input\ArgvInput), Object(Symfony\Component\Console\Output\ConsoleOutput))
#9 C:\xampp\htdocs\rdeveloper\laravel\e-pilpresma\vendor\symfony\console\Application.php(186): Symfony\Component\Console\Application->doRunCommand(Object(Illuminate\Foundation\Console\KeyGenerateCommand), Object(Symfony\Component\Console\Input\ArgvInput), Object(Symfony\Component\Console\Output\ConsoleOutput))
#10 C:\xampp\htdocs\rdeveloper\laravel\e-pilpresma\vendor\symfony\console\Application.php(117): Symfony\Component\Console\Application->doRun(Object(Symfony\Component\Console\Input\ArgvInput), Object(Symfony\Component\Console\Output\ConsoleOutput))
#11 C:\xampp\htdocs\rdeveloper\laravel\e-pilpresma\vendor\laravel\framework\src\Illuminate\Foundation\Console\Kernel.php(107): Symfony\Component\Console\Application->run(Object(Symfony\Component\Console\Input\ArgvInput), Object(Symfony\Component\Console\Output\ConsoleOutput))
#12 C:\xampp\htdocs\rdeveloper\laravel\e-pilpresma\artisan(35): Illuminate\Foundation\Console\Kernel->handle(Object(Symfony\Component\Console\Input\ArgvInput), Object(Symfony\Component\Console\Output\ConsoleOutput))
#13 {main}  
[2019-03-20 09:26:23] local.ERROR: ErrorException: Undefined variable: vote in C:\xampp\htdocs\rdeveloper\laravel\e-pilpresma\app\Http\Controllers\UsersController.php:209
Stack trace:
#0 C:\xampp\htdocs\rdeveloper\laravel\e-pilpresma\app\Http\Controllers\UsersController.php(209): Illuminate\Foundation\Bootstrap\HandleExceptions->handleError(8, 'Undefined varia...', 'C:\\xampp\\htdocs...', 209, Array)
#1 [internal function]: App\Http\Controllers\UsersController->show_candidate('2')
#2 C:\xampp\htdocs\rdeveloper\laravel\e-pilpresma\bootstrap\cache\compiled.php(9424): call_user_func_array(Array, Array)
#3 C:\xampp\htdocs\rdeveloper\laravel\e-pilpresma\bootstrap\cache\compiled.php(9486): Illuminate\Routing\Controller->callAction('show_candidate', Array)
#4 C:\xampp\htdocs\rdeveloper\laravel\e-pilpresma\bootstrap\cache\compiled.php(9466): Illuminate\Routing\ControllerDispatcher->call(Object(App\Http\Controllers\UsersController), Object(Illuminate\Routing\Route), 'show_candidate')
#5 [internal function]: Illuminate\Routing\ControllerDispatcher->Illuminate\Routing\{closure}(Object(Illuminate\Http\Request))
#6 C:\xampp\htdocs\rdeveloper\laravel\e-pilpresma\vendor\laravel\framework\src\Illuminate\Routing\Pipeline.php(52): call_user_func(Object(Closure), Object(Illuminate\Http\Request))
#7 [internal function]: Illuminate\Routing\Pipeline->Illuminate\Routing\{closure}(Object(Illuminate\Http\Request))
#8 C:\xampp\htdocs\rdeveloper\laravel\e-pilpresma\bootstrap\cache\compiled.php(9948): call_user_func(Object(Closure), Object(Illuminate\Http\Request))
#9 C:\xampp\htdocs\rdeveloper\laravel\e-pilpresma\bootstrap\cache\compiled.php(9467): Illuminate\Pipeline\Pipeline->then(Object(Closure))
#10 C:\xampp\htdocs\rdeveloper\laravel\e-pilpresma\bootstrap\cache\compiled.php(9454): Illuminate\Routing\ControllerDispatcher->callWithinStack(Object(App\Http\Controllers\UsersController), Object(Illuminate\Routing\Route), Object(Illuminate\Http\Request), 'show_candidate')
#11 C:\xampp\htdocs\rdeveloper\laravel\e-pilpresma\bootstrap\cache\compiled.php(8524): Illuminate\Routing\ControllerDispatcher->dispatch(Object(Illuminate\Routing\Route), Object(Illuminate\Http\Request), 'App\\Http\\Contro...', 'show_candidate')
#12 C:\xampp\htdocs\rdeveloper\laravel\e-pilpresma\bootstrap\cache\compiled.php(8511): Illuminate\Routing\Route->runController(Object(Illuminate\Http\Request))
#13 C:\xampp\htdocs\rdeveloper\laravel\e-pilpresma\bootstrap\cache\compiled.php(8225): Illuminate\Routing\Route->run(Object(Illuminate\Http\Request))
#14 [internal function]: Illuminate\Routing\Router->Illuminate\Routing\{closure}(Object(Illuminate\Http\Request))
#15 C:\xampp\htdocs\rdeveloper\laravel\e-pilpresma\vendor\laravel\framework\src\Illuminate\Routing\Pipeline.php(52): call_user_func(Object(Closure), Object(Illuminate\Http\Request))
#16 C:\xampp\htdocs\rdeveloper\laravel\e-pilpresma\app\Http\Middleware\SentinelGuest.php(22): Illuminate\Routing\Pipeline->Illuminate\Routing\{closure}(Object(Illuminate\Http\Request))
#17 [internal function]: App\Http\Middleware\SentinelGuest->handle(Object(Illuminate\Http\Request), Object(Closure))
#18 C:\xampp\htdocs\rdeveloper\laravel\e-pilpresma\bootstrap\cache\compiled.php(9963): call_user_func_array(Array, Array)
#19 [internal function]: Illuminate\Pipeline\Pipeline->Illuminate\Pipeline\{closure}(Object(Illuminate\Http\Request))
#20 C:\xampp\htdocs\rdeveloper\laravel\e-pilpresma\vendor\laravel\framework\src\Illuminate\Routing\Pipeline.php(32): call_user_func(Object(Closure), Object(Illuminate\Http\Request))
#21 C:\xampp\htdocs\rdeveloper\laravel\e-pilpresma\bootstrap\cache\compiled.php(3225): Illuminate\Routing\Pipeline->Illuminate\Routing\{closure}(Object(Illuminate\Http\Request))
#22 [internal function]: Illuminate\Foundation\Http\Middleware\VerifyCsrfToken->handle(Object(Illuminate\Http\Request), Object(Closure))
#23 C:\xampp\htdocs\rdeveloper\laravel\e-pilpresma\bootstrap\cache\compiled.php(9963): call_user_func_array(Array, Array)
#24 [internal function]: Illuminate\Pipeline\Pipeline->Illuminate\Pipeline\{closure}(Object(Illuminate\Http\Request))
#25 C:\xampp\htdocs\rdeveloper\laravel\e-pilpresma\vendor\laravel\framework\src\Illuminate\Routing\Pipeline.php(32): call_user_func(Object(Closure), Object(Illuminate\Http\Request))
#26 C:\xampp\htdocs\rdeveloper\laravel\e-pilpresma\bootstrap\cache\compiled.php(13474): Illuminate\Routing\Pipeline->Illuminate\Routing\{closure}(Object(Illuminate\Http\Request))
#27 [internal function]: Illuminate\View\Middleware\ShareErrorsFromSession->handle(Object(Illuminate\Http\Request), Object(Closure))
#28 C:\xampp\htdocs\rdeveloper\laravel\e-pilpresma\bootstrap\cache\compiled.php(9963): call_user_func_array(Array, Array)
#29 [internal function]: Illuminate\Pipeline\Pipeline->Illuminate\Pipeline\{closure}(Object(Illuminate\Http\Request))
#30 C:\xampp\htdocs\rdeveloper\laravel\e-pilpresma\vendor\laravel\framework\src\Illuminate\Routing\Pipeline.php(32): call_user_func(Object(Closure), Object(Illuminate\Http\Request))
#31 C:\xampp\htdocs\rdeveloper\laravel\e-pilpresma\bootstrap\cache\compiled.php(11964): Illuminate\Routing\Pipeline->Illuminate\Routing\{closure}(Object(Illuminate\Http\Request))
#32 [internal function]: Illuminate\Session\Middleware\StartSession->handle(Object(Illuminate\Http\Request), Object(Closure))
#33 C:\xampp\htdocs\rdeveloper\laravel\e-pilpresma\bootstrap\cache\compiled.php(9963): call_user_func_array(Array, Array)
#34 [internal function]: Illuminate\Pipeline\Pipeline->Illuminate\Pipeline\{closure}(Object(Illuminate\Http\Request))
#35 C:\xampp\htdocs\rdeveloper\laravel\e-pilpresma\vendor\laravel\framework\src\Illuminate\Routing\Pipeline.php(32): call_user_func(Object(Closure), Object(Illuminate\Http\Request))
#36 C:\xampp\htdocs\rdeveloper\laravel\e-pilpresma\bootstrap\cache\compiled.php(13213): Illuminate\Routing\Pipeline->Illuminate\Routing\{closure}(Object(Illuminate\Http\Request))
#37 [internal function]: Illuminate\Cookie\Middleware\AddQueuedCookiesToResponse->handle(Object(Illuminate\Http\Request), Object(Closure))
#38 C:\xampp\htdocs\rdeveloper\laravel\e-pilpresma\bootstrap\cache\compiled.php(9963): call_user_func_array(Array, Array)
#39 [internal function]: Illuminate\Pipeline\Pipeline->Illuminate\Pipeline\{closure}(Object(Illuminate\Http\Request))
#40 C:\xampp\htdocs\rdeveloper\laravel\e-pilpresma\vendor\laravel\framework\src\Illuminate\Routing\Pipeline.php(32): call_user_func(Object(Closure), Object(Illuminate\Http\Request))
#41 C:\xampp\htdocs\rdeveloper\laravel\e-pilpresma\bootstrap\cache\compiled.php(13150): Illuminate\Routing\Pipeline->Illuminate\Routing\{closure}(Object(Illuminate\Http\Request))
#42 [internal function]: Illuminate\Cookie\Middleware\EncryptCookies->handle(Object(Illuminate\Http\Request), Object(Closure))
#43 C:\xampp\htdocs\rdeveloper\laravel\e-pilpresma\bootstrap\cache\compiled.php(9963): call_user_func_array(Array, Array)
#44 [internal function]: Illuminate\Pipeline\Pipeline->Illuminate\Pipeline\{closure}(Object(Illuminate\Http\Request))
#45 C:\xampp\htdocs\rdeveloper\laravel\e-pilpresma\vendor\laravel\framework\src\Illuminate\Routing\Pipeline.php(32): call_user_func(Object(Closure), Object(Illuminate\Http\Request))
#46 [internal function]: Illuminate\Routing\Pipeline->Illuminate\Routing\{closure}(Object(Illuminate\Http\Request))
#47 C:\xampp\htdocs\rdeveloper\laravel\e-pilpresma\bootstrap\cache\compiled.php(9948): call_user_func(Object(Closure), Object(Illuminate\Http\Request))
#48 C:\xampp\htdocs\rdeveloper\laravel\e-pilpresma\bootstrap\cache\compiled.php(8226): Illuminate\Pipeline\Pipeline->then(Object(Closure))
#49 C:\xampp\htdocs\rdeveloper\laravel\e-pilpresma\bootstrap\cache\compiled.php(8217): Illuminate\Routing\Router->runRouteWithinStack(Object(Illuminate\Routing\Route), Object(Illuminate\Http\Request))
#50 C:\xampp\htdocs\rdeveloper\laravel\e-pilpresma\bootstrap\cache\compiled.php(8207): Illuminate\Routing\Router->dispatchToRoute(Object(Illuminate\Http\Request))
#51 C:\xampp\htdocs\rdeveloper\laravel\e-pilpresma\bootstrap\cache\compiled.php(2419): Illuminate\Routing\Router->dispatch(Object(Illuminate\Http\Request))
#52 [internal function]: Illuminate\Foundation\Http\Kernel->Illuminate\Foundation\Http\{closure}(Object(Illuminate\Http\Request))
#53 C:\xampp\htdocs\rdeveloper\laravel\e-pilpresma\vendor\laravel\framework\src\Illuminate\Routing\Pipeline.php(52): call_user_func(Object(Closure), Object(Illuminate\Http\Request))
#54 C:\xampp\htdocs\rdeveloper\laravel\e-pilpresma\vendor\barryvdh\laravel-debugbar\src\Middleware\Debugbar.php(51): Illuminate\Routing\Pipeline->Illuminate\Routing\{closure}(Object(Illuminate\Http\Request))
#55 [internal function]: Barryvdh\Debugbar\Middleware\Debugbar->handle(Object(Illuminate\Http\Request), Object(Closure))
#56 C:\xampp\htdocs\rdeveloper\laravel\e-pilpresma\bootstrap\cache\compiled.php(9963): call_user_func_array(Array, Array)
#57 [internal function]: Illuminate\Pipeline\Pipeline->Illuminate\Pipeline\{closure}(Object(Illuminate\Http\Request))
#58 C:\xampp\htdocs\rdeveloper\laravel\e-pilpresma\vendor\laravel\framework\src\Illuminate\Routing\Pipeline.php(32): call_user_func(Object(Closure), Object(Illuminate\Http\Request))
#59 C:\xampp\htdocs\rdeveloper\laravel\e-pilpresma\bootstrap\cache\compiled.php(3286): Illuminate\Routing\Pipeline->Illuminate\Routing\{closure}(Object(Illuminate\Http\Request))
#60 [internal function]: Illuminate\Foundation\Http\Middleware\CheckForMaintenanceMode->handle(Object(Illuminate\Http\Request), Object(Closure))
#61 C:\xampp\htdocs\rdeveloper\laravel\e-pilpresma\bootstrap\cache\compiled.php(9963): call_user_func_array(Array, Array)
#62 [internal function]: Illuminate\Pipeline\Pipeline->Illuminate\Pipeline\{closure}(Object(Illuminate\Http\Request))
#63 C:\xampp\htdocs\rdeveloper\laravel\e-pilpresma\vendor\laravel\framework\src\Illuminate\Routing\Pipeline.php(32): call_user_func(Object(Closure), Object(Illuminate\Http\Request))
#64 [internal function]: Illuminate\Routing\Pipeline->Illuminate\Routing\{closure}(Object(Illuminate\Http\Request))
#65 C:\xampp\htdocs\rdeveloper\laravel\e-pilpresma\bootstrap\cache\compiled.php(9948): call_user_func(Object(Closure), Object(Illuminate\Http\Request))
#66 C:\xampp\htdocs\rdeveloper\laravel\e-pilpresma\bootstrap\cache\compiled.php(2366): Illuminate\Pipeline\Pipeline->then(Object(Closure))
#67 C:\xampp\htdocs\rdeveloper\laravel\e-pilpresma\bootstrap\cache\compiled.php(2350): Illuminate\Foundation\Http\Kernel->sendRequestThroughRouter(Object(Illuminate\Http\Request))
#68 C:\xampp\htdocs\rdeveloper\laravel\e-pilpresma\public\index.php(53): Illuminate\Foundation\Http\Kernel->handle(Object(Illuminate\Http\Request))
#69 C:\xampp\htdocs\rdeveloper\laravel\e-pilpresma\server.php(21): require_once('C:\\xampp\\htdocs...')
#70 {main}  
[2019-03-21 03:56:57] local.ERROR: PDOException: could not find driver in /home/rivalmsr/Documents/rdeveloper/laravel/e-pilpresma/vendor/laravel/framework/src/Illuminate/Database/Connectors/Connector.php:55
Stack trace:
#0 /home/rivalmsr/Documents/rdeveloper/laravel/e-pilpresma/vendor/laravel/framework/src/Illuminate/Database/Connectors/Connector.php(55): PDO->__construct('mysql:host=127....', 'root', '', Array)
#1 /home/rivalmsr/Documents/rdeveloper/laravel/e-pilpresma/vendor/laravel/framework/src/Illuminate/Database/Connectors/MySqlConnector.php(24): Illuminate\Database\Connectors\Connector->createConnection('mysql:host=127....', Array, Array)
#2 /home/rivalmsr/Documents/rdeveloper/laravel/e-pilpresma/bootstrap/cache/compiled.php(11845): Illuminate\Database\Connectors\MySqlConnector->connect(Array)
#3 [internal function]: Illuminate\Database\Connectors\ConnectionFactory->Illuminate\Database\Connectors\{closure}()
#4 /home/rivalmsr/Documents/rdeveloper/laravel/e-pilpresma/vendor/laravel/framework/src/Illuminate/Database/Connection.php(924): call_user_func(Object(Closure))
#5 /home/rivalmsr/Documents/rdeveloper/laravel/e-pilpresma/vendor/laravel/framework/src/Illuminate/Database/Connection.php(792): Illuminate\Database\Connection->getPdo()
#6 /home/rivalmsr/Documents/rdeveloper/laravel/e-pilpresma/vendor/laravel/framework/src/Illuminate/Database/Connection.php(677): Illuminate\Database\Connection->reconnectIfMissingConnection()
#7 /home/rivalmsr/Documents/rdeveloper/laravel/e-pilpresma/vendor/laravel/framework/src/Illuminate/Database/Connection.php(349): Illuminate\Database\Connection->run('select * from i...', Array, Object(Closure))
#8 /home/rivalmsr/Documents/rdeveloper/laravel/e-pilpresma/vendor/laravel/framework/src/Illuminate/Database/Schema/MySqlBuilder.php(21): Illuminate\Database\Connection->select('select * from i...', Array)
#9 /home/rivalmsr/Documents/rdeveloper/laravel/e-pilpresma/vendor/laravel/framework/src/Illuminate/Database/Migrations/DatabaseMigrationRepository.php(141): Illuminate\Database\Schema\MySqlBuilder->hasTable('migrations')
#10 /home/rivalmsr/Documents/rdeveloper/laravel/e-pilpresma/vendor/laravel/framework/src/Illuminate/Database/Migrations/Migrator.php(404): Illuminate\Database\Migrations\DatabaseMigrationRepository->repositoryExists()
#11 /home/rivalmsr/Documents/rdeveloper/laravel/e-pilpresma/vendor/laravel/framework/src/Illuminate/Database/Console/Migrations/MigrateCommand.php(103): Illuminate\Database\Migrations\Migrator->repositoryExists()
#12 /home/rivalmsr/Documents/rdeveloper/laravel/e-pilpresma/vendor/laravel/framework/src/Illuminate/Database/Console/Migrations/MigrateCommand.php(58): Illuminate\Database\Console\Migrations\MigrateCommand->prepareDatabase()
#13 [internal function]: Illuminate\Database\Console\Migrations\MigrateCommand->fire()
#14 /home/rivalmsr/Documents/rdeveloper/laravel/e-pilpresma/bootstrap/cache/compiled.php(1257): call_user_func_array(Array, Array)
#15 /home/rivalmsr/Documents/rdeveloper/laravel/e-pilpresma/vendor/laravel/framework/src/Illuminate/Console/Command.php(169): Illuminate\Container\Container->call(Array)
#16 /home/rivalmsr/Documents/rdeveloper/laravel/e-pilpresma/vendor/symfony/console/Command/Command.php(256): Illuminate\Console\Command->execute(Object(Symfony\Component\Console\Input\ArgvInput), Object(Symfony\Component\Console\Output\ConsoleOutput))
#17 /home/rivalmsr/Documents/rdeveloper/laravel/e-pilpresma/vendor/laravel/framework/src/Illuminate/Console/Command.php(155): Symfony\Component\Console\Command\Command->run(Object(Symfony\Component\Console\Input\ArgvInput), Object(Symfony\Component\Console\Output\ConsoleOutput))
#18 /home/rivalmsr/Documents/rdeveloper/laravel/e-pilpresma/vendor/symfony/console/Application.php(794): Illuminate\Console\Command->run(Object(Symfony\Component\Console\Input\ArgvInput), Object(Symfony\Component\Console\Output\ConsoleOutput))
#19 /home/rivalmsr/Documents/rdeveloper/laravel/e-pilpresma/vendor/symfony/console/Application.php(186): Symfony\Component\Console\Application->doRunCommand(Object(Illuminate\Database\Console\Migrations\MigrateCommand), Object(Symfony\Component\Console\Input\ArgvInput), Object(Symfony\Component\Console\Output\ConsoleOutput))
#20 /home/rivalmsr/Documents/rdeveloper/laravel/e-pilpresma/vendor/symfony/console/Application.php(117): Symfony\Component\Console\Application->doRun(Object(Symfony\Component\Console\Input\ArgvInput), Object(Symfony\Component\Console\Output\ConsoleOutput))
#21 /home/rivalmsr/Documents/rdeveloper/laravel/e-pilpresma/vendor/laravel/framework/src/Illuminate/Foundation/Console/Kernel.php(107): Symfony\Component\Console\Application->run(Object(Symfony\Component\Console\Input\ArgvInput), Object(Symfony\Component\Console\Output\ConsoleOutput))
#22 /home/rivalmsr/Documents/rdeveloper/laravel/e-pilpresma/artisan(35): Illuminate\Foundation\Console\Kernel->handle(Object(Symfony\Component\Console\Input\ArgvInput), Object(Symfony\Component\Console\Output\ConsoleOutput))
#23 {main}  
[2019-03-22 01:49:46] local.ERROR: Symfony\Component\Console\Exception\CommandNotFoundException: Command "seve" is not defined.

Did you mean this?
    serve in /home/rivalmsr/Documents/rdeveloper/laravel/e-pilpresma/vendor/symfony/console/Application.php:515
Stack trace:
#0 /home/rivalmsr/Documents/rdeveloper/laravel/e-pilpresma/vendor/symfony/console/Application.php(183): Symfony\Component\Console\Application->find('seve')
#1 /home/rivalmsr/Documents/rdeveloper/laravel/e-pilpresma/vendor/symfony/console/Application.php(117): Symfony\Component\Console\Application->doRun(Object(Symfony\Component\Console\Input\ArgvInput), Object(Symfony\Component\Console\Output\ConsoleOutput))
#2 /home/rivalmsr/Documents/rdeveloper/laravel/e-pilpresma/vendor/laravel/framework/src/Illuminate/Foundation/Console/Kernel.php(107): Symfony\Component\Console\Application->run(Object(Symfony\Component\Console\Input\ArgvInput), Object(Symfony\Component\Console\Output\ConsoleOutput))
#3 /home/rivalmsr/Documents/rdeveloper/laravel/e-pilpresma/artisan(35): Illuminate\Foundation\Console\Kernel->handle(Object(Symfony\Component\Console\Input\ArgvInput), Object(Symfony\Component\Console\Output\ConsoleOutput))
#4 {main}  
[2019-03-22 01:50:29] local.ERROR: PDOException: SQLSTATE[HY000] [2002] Connection refused in /home/rivalmsr/Documents/rdeveloper/laravel/e-pilpresma/vendor/laravel/framework/src/Illuminate/Database/Connectors/Connector.php:55
Stack trace:
#0 /home/rivalmsr/Documents/rdeveloper/laravel/e-pilpresma/vendor/laravel/framework/src/Illuminate/Database/Connectors/Connector.php(55): PDO->__construct('mysql:host=127....', 'root', '', Array)
#1 /home/rivalmsr/Documents/rdeveloper/laravel/e-pilpresma/vendor/laravel/framework/src/Illuminate/Database/Connectors/MySqlConnector.php(24): Illuminate\Database\Connectors\Connector->createConnection('mysql:host=127....', Array, Array)
#2 /home/rivalmsr/Documents/rdeveloper/laravel/e-pilpresma/bootstrap/cache/compiled.php(11845): Illuminate\Database\Connectors\MySqlConnector->connect(Array)
#3 [internal function]: Illuminate\Database\Connectors\ConnectionFactory->Illuminate\Database\Connectors\{closure}()
#4 /home/rivalmsr/Documents/rdeveloper/laravel/e-pilpresma/vendor/laravel/framework/src/Illuminate/Database/Connection.php(924): call_user_func(Object(Closure))
#5 /home/rivalmsr/Documents/rdeveloper/laravel/e-pilpresma/vendor/laravel/framework/src/Illuminate/Database/Connection.php(792): Illuminate\Database\Connection->getPdo()
#6 /home/rivalmsr/Documents/rdeveloper/laravel/e-pilpresma/vendor/laravel/framework/src/Illuminate/Database/Connection.php(677): Illuminate\Database\Connection->reconnectIfMissingConnection()
#7 /home/rivalmsr/Documents/rdeveloper/laravel/e-pilpresma/vendor/laravel/framework/src/Illuminate/Database/Connection.php(349): Illuminate\Database\Connection->run('select * from `...', Array, Object(Closure))
#8 /home/rivalmsr/Documents/rdeveloper/laravel/e-pilpresma/vendor/laravel/framework/src/Illuminate/Database/Query/Builder.php(1610): Illuminate\Database\Connection->select('select * from `...', Array, true)
#9 /home/rivalmsr/Documents/rdeveloper/laravel/e-pilpresma/vendor/laravel/framework/src/Illuminate/Database/Query/Builder.php(1596): Illuminate\Database\Query\Builder->runSelect()
#10 /home/rivalmsr/Documents/rdeveloper/laravel/e-pilpresma/vendor/laravel/framework/src/Illuminate/Database/Eloquent/Builder.php(625): Illuminate\Database\Query\Builder->get(Array)
#11 /home/rivalmsr/Documents/rdeveloper/laravel/e-pilpresma/vendor/laravel/framework/src/Illuminate/Database/Eloquent/Builder.php(316): Illuminate\Database\Eloquent\Builder->getModels(Array)
#12 /home/rivalmsr/Documents/rdeveloper/laravel/e-pilpresma/bootstrap/cache/compiled.php(10488): Illuminate\Database\Eloquent\Builder->get(Array)
#13 /home/rivalmsr/Documents/rdeveloper/laravel/e-pilpresma/app/Http/Controllers/UsersController.php(178): Illuminate\Database\Eloquent\Model::all()
#14 [internal function]: App\Http\Controllers\UsersController->home()
#15 /home/rivalmsr/Documents/rdeveloper/laravel/e-pilpresma/bootstrap/cache/compiled.php(9424): call_user_func_array(Array, Array)
#16 /home/rivalmsr/Documents/rdeveloper/laravel/e-pilpresma/bootstrap/cache/compiled.php(9486): Illuminate\Routing\Controller->callAction('home', Array)
#17 /home/rivalmsr/Documents/rdeveloper/laravel/e-pilpresma/bootstrap/cache/compiled.php(9466): Illuminate\Routing\ControllerDispatcher->call(Object(App\Http\Controllers\UsersController), Object(Illuminate\Routing\Route), 'home')
#18 [internal function]: Illuminate\Routing\ControllerDispatcher->Illuminate\Routing\{closure}(Object(Illuminate\Http\Request))
#19 /home/rivalmsr/Documents/rdeveloper/laravel/e-pilpresma/vendor/laravel/framework/src/Illuminate/Routing/Pipeline.php(52): call_user_func(Object(Closure), Object(Illuminate\Http\Request))
#20 [internal function]: Illuminate\Routing\Pipeline->Illuminate\Routing\{closure}(Object(Illuminate\Http\Request))
#21 /home/rivalmsr/Documents/rdeveloper/laravel/e-pilpresma/bootstrap/cache/compiled.php(9948): call_user_func(Object(Closure), Object(Illuminate\Http\Request))
#22 /home/rivalmsr/Documents/rdeveloper/laravel/e-pilpresma/bootstrap/cache/compiled.php(9467): Illuminate\Pipeline\Pipeline->then(Object(Closure))
#23 /home/rivalmsr/Documents/rdeveloper/laravel/e-pilpresma/bootstrap/cache/compiled.php(9454): Illuminate\Routing\ControllerDispatcher->callWithinStack(Object(App\Http\Controllers\UsersController), Object(Illuminate\Routing\Route), Object(Illuminate\Http\Request), 'home')
#24 /home/rivalmsr/Documents/rdeveloper/laravel/e-pilpresma/bootstrap/cache/compiled.php(8524): Illuminate\Routing\ControllerDispatcher->dispatch(Object(Illuminate\Routing\Route), Object(Illuminate\Http\Request), 'App\\Http\\Contro...', 'home')
#25 /home/rivalmsr/Documents/rdeveloper/laravel/e-pilpresma/bootstrap/cache/compiled.php(8511): Illuminate\Routing\Route->runController(Object(Illuminate\Http\Request))
#26 /home/rivalmsr/Documents/rdeveloper/laravel/e-pilpresma/bootstrap/cache/compiled.php(8225): Illuminate\Routing\Route->run(Object(Illuminate\Http\Request))
#27 [internal function]: Illuminate\Routing\Router->Illuminate\Routing\{closure}(Object(Illuminate\Http\Request))
#28 /home/rivalmsr/Documents/rdeveloper/laravel/e-pilpresma/vendor/laravel/framework/src/Illuminate/Routing/Pipeline.php(52): call_user_func(Object(Closure), Object(Illuminate\Http\Request))
#29 /home/rivalmsr/Documents/rdeveloper/laravel/e-pilpresma/app/Http/Middleware/SentinelGuest.php(22): Illuminate\Routing\Pipeline->Illuminate\Routing\{closure}(Object(Illuminate\Http\Request))
#30 [internal function]: App\Http\Middleware\SentinelGuest->handle(Object(Illuminate\Http\Request), Object(Closure))
#31 /home/rivalmsr/Documents/rdeveloper/laravel/e-pilpresma/bootstrap/cache/compiled.php(9963): call_user_func_array(Array, Array)
#32 [internal function]: Illuminate\Pipeline\Pipeline->Illuminate\Pipeline\{closure}(Object(Illuminate\Http\Request))
#33 /home/rivalmsr/Documents/rdeveloper/laravel/e-pilpresma/vendor/laravel/framework/src/Illuminate/Routing/Pipeline.php(32): call_user_func(Object(Closure), Object(Illuminate\Http\Request))
#34 /home/rivalmsr/Documents/rdeveloper/laravel/e-pilpresma/bootstrap/cache/compiled.php(3225): Illuminate\Routing\Pipeline->Illuminate\Routing\{closure}(Object(Illuminate\Http\Request))
#35 [internal function]: Illuminate\Foundation\Http\Middleware\VerifyCsrfToken->handle(Object(Illuminate\Http\Request), Object(Closure))
#36 /home/rivalmsr/Documents/rdeveloper/laravel/e-pilpresma/bootstrap/cache/compiled.php(9963): call_user_func_array(Array, Array)
#37 [internal function]: Illuminate\Pipeline\Pipeline->Illuminate\Pipeline\{closure}(Object(Illuminate\Http\Request))
#38 /home/rivalmsr/Documents/rdeveloper/laravel/e-pilpresma/vendor/laravel/framework/src/Illuminate/Routing/Pipeline.php(32): call_user_func(Object(Closure), Object(Illuminate\Http\Request))
#39 /home/rivalmsr/Documents/rdeveloper/laravel/e-pilpresma/bootstrap/cache/compiled.php(13474): Illuminate\Routing\Pipeline->Illuminate\Routing\{closure}(Object(Illuminate\Http\Request))
#40 [internal function]: Illuminate\View\Middleware\ShareErrorsFromSession->handle(Object(Illuminate\Http\Request), Object(Closure))
#41 /home/rivalmsr/Documents/rdeveloper/laravel/e-pilpresma/bootstrap/cache/compiled.php(9963): call_user_func_array(Array, Array)
#42 [internal function]: Illuminate\Pipeline\Pipeline->Illuminate\Pipeline\{closure}(Object(Illuminate\Http\Request))
#43 /home/rivalmsr/Documents/rdeveloper/laravel/e-pilpresma/vendor/laravel/framework/src/Illuminate/Routing/Pipeline.php(32): call_user_func(Object(Closure), Object(Illuminate\Http\Request))
#44 /home/rivalmsr/Documents/rdeveloper/laravel/e-pilpresma/bootstrap/cache/compiled.php(11964): Illuminate\Routing\Pipeline->Illuminate\Routing\{closure}(Object(Illuminate\Http\Request))
#45 [internal function]: Illuminate\Session\Middleware\StartSession->handle(Object(Illuminate\Http\Request), Object(Closure))
#46 /home/rivalmsr/Documents/rdeveloper/laravel/e-pilpresma/bootstrap/cache/compiled.php(9963): call_user_func_array(Array, Array)
#47 [internal function]: Illuminate\Pipeline\Pipeline->Illuminate\Pipeline\{closure}(Object(Illuminate\Http\Request))
#48 /home/rivalmsr/Documents/rdeveloper/laravel/e-pilpresma/vendor/laravel/framework/src/Illuminate/Routing/Pipeline.php(32): call_user_func(Object(Closure), Object(Illuminate\Http\Request))
#49 /home/rivalmsr/Documents/rdeveloper/laravel/e-pilpresma/bootstrap/cache/compiled.php(13213): Illuminate\Routing\Pipeline->Illuminate\Routing\{closure}(Object(Illuminate\Http\Request))
#50 [internal function]: Illuminate\Cookie\Middleware\AddQueuedCookiesToResponse->handle(Object(Illuminate\Http\Request), Object(Closure))
#51 /home/rivalmsr/Documents/rdeveloper/laravel/e-pilpresma/bootstrap/cache/compiled.php(9963): call_user_func_array(Array, Array)
#52 [internal function]: Illuminate\Pipeline\Pipeline->Illuminate\Pipeline\{closure}(Object(Illuminate\Http\Request))
#53 /home/rivalmsr/Documents/rdeveloper/laravel/e-pilpresma/vendor/laravel/framework/src/Illuminate/Routing/Pipeline.php(32): call_user_func(Object(Closure), Object(Illuminate\Http\Request))
#54 /home/rivalmsr/Documents/rdeveloper/laravel/e-pilpresma/bootstrap/cache/compiled.php(13150): Illuminate\Routing\Pipeline->Illuminate\Routing\{closure}(Object(Illuminate\Http\Request))
#55 [internal function]: Illuminate\Cookie\Middleware\EncryptCookies->handle(Object(Illuminate\Http\Request), Object(Closure))
#56 /home/rivalmsr/Documents/rdeveloper/laravel/e-pilpresma/bootstrap/cache/compiled.php(9963): call_user_func_array(Array, Array)
#57 [internal function]: Illuminate\Pipeline\Pipeline->Illuminate\Pipeline\{closure}(Object(Illuminate\Http\Request))
#58 /home/rivalmsr/Documents/rdeveloper/laravel/e-pilpresma/vendor/laravel/framework/src/Illuminate/Routing/Pipeline.php(32): call_user_func(Object(Closure), Object(Illuminate\Http\Request))
#59 [internal function]: Illuminate\Routing\Pipeline->Illuminate\Routing\{closure}(Object(Illuminate\Http\Request))
#60 /home/rivalmsr/Documents/rdeveloper/laravel/e-pilpresma/bootstrap/cache/compiled.php(9948): call_user_func(Object(Closure), Object(Illuminate\Http\Request))
#61 /home/rivalmsr/Documents/rdeveloper/laravel/e-pilpresma/bootstrap/cache/compiled.php(8226): Illuminate\Pipeline\Pipeline->then(Object(Closure))
#62 /home/rivalmsr/Documents/rdeveloper/laravel/e-pilpresma/bootstrap/cache/compiled.php(8217): Illuminate\Routing\Router->runRouteWithinStack(Object(Illuminate\Routing\Route), Object(Illuminate\Http\Request))
#63 /home/rivalmsr/Documents/rdeveloper/laravel/e-pilpresma/bootstrap/cache/compiled.php(8207): Illuminate\Routing\Router->dispatchToRoute(Object(Illuminate\Http\Request))
#64 /home/rivalmsr/Documents/rdeveloper/laravel/e-pilpresma/bootstrap/cache/compiled.php(2419): Illuminate\Routing\Router->dispatch(Object(Illuminate\Http\Request))
#65 [internal function]: Illuminate\Foundation\Http\Kernel->Illuminate\Foundation\Http\{closure}(Object(Illuminate\Http\Request))
#66 /home/rivalmsr/Documents/rdeveloper/laravel/e-pilpresma/vendor/laravel/framework/src/Illuminate/Routing/Pipeline.php(52): call_user_func(Object(Closure), Object(Illuminate\Http\Request))
#67 /home/rivalmsr/Documents/rdeveloper/laravel/e-pilpresma/vendor/barryvdh/laravel-debugbar/src/Middleware/Debugbar.php(51): Illuminate\Routing\Pipeline->Illuminate\Routing\{closure}(Object(Illuminate\Http\Request))
#68 [internal function]: Barryvdh\Debugbar\Middleware\Debugbar->handle(Object(Illuminate\Http\Request), Object(Closure))
#69 /home/rivalmsr/Documents/rdeveloper/laravel/e-pilpresma/bootstrap/cache/compiled.php(9963): call_user_func_array(Array, Array)
#70 [internal function]: Illuminate\Pipeline\Pipeline->Illuminate\Pipeline\{closure}(Object(Illuminate\Http\Request))
#71 /home/rivalmsr/Documents/rdeveloper/laravel/e-pilpresma/vendor/laravel/framework/src/Illuminate/Routing/Pipeline.php(32): call_user_func(Object(Closure), Object(Illuminate\Http\Request))
#72 /home/rivalmsr/Documents/rdeveloper/laravel/e-pilpresma/bootstrap/cache/compiled.php(3286): Illuminate\Routing\Pipeline->Illuminate\Routing\{closure}(Object(Illuminate\Http\Request))
#73 [internal function]: Illuminate\Foundation\Http\Middleware\CheckForMaintenanceMode->handle(Object(Illuminate\Http\Request), Object(Closure))
#74 /home/rivalmsr/Documents/rdeveloper/laravel/e-pilpresma/bootstrap/cache/compiled.php(9963): call_user_func_array(Array, Array)
#75 [internal function]: Illuminate\Pipeline\Pipeline->Illuminate\Pipeline\{closure}(Object(Illuminate\Http\Request))
#76 /home/rivalmsr/Documents/rdeveloper/laravel/e-pilpresma/vendor/laravel/framework/src/Illuminate/Routing/Pipeline.php(32): call_user_func(Object(Closure), Object(Illuminate\Http\Request))
#77 [internal function]: Illuminate\Routing\Pipeline->Illuminate\Routing\{closure}(Object(Illuminate\Http\Request))
#78 /home/rivalmsr/Documents/rdeveloper/laravel/e-pilpresma/bootstrap/cache/compiled.php(9948): call_user_func(Object(Closure), Object(Illuminate\Http\Request))
#79 /home/rivalmsr/Documents/rdeveloper/laravel/e-pilpresma/bootstrap/cache/compiled.php(2366): Illuminate\Pipeline\Pipeline->then(Object(Closure))
#80 /home/rivalmsr/Documents/rdeveloper/laravel/e-pilpresma/bootstrap/cache/compiled.php(2350): Illuminate\Foundation\Http\Kernel->sendRequestThroughRouter(Object(Illuminate\Http\Request))
#81 /home/rivalmsr/Documents/rdeveloper/laravel/e-pilpresma/public/index.php(53): Illuminate\Foundation\Http\Kernel->handle(Object(Illuminate\Http\Request))
#82 /home/rivalmsr/Documents/rdeveloper/laravel/e-pilpresma/server.php(21): require_once('/home/rivalmsr/...')
#83 {main}  
[2019-03-22 02:19:52] local.ERROR: PDOException: SQLSTATE[42S22]: Column not found: 1054 Unknown column 'email' in 'field list' in /home/rivalmsr/Documents/rdeveloper/laravel/e-pilpresma/vendor/laravel/framework/src/Illuminate/Database/Connection.php:478
Stack trace:
#0 /home/rivalmsr/Documents/rdeveloper/laravel/e-pilpresma/vendor/laravel/framework/src/Illuminate/Database/Connection.php(478): PDO->prepare('update `users` ...')
#1 /home/rivalmsr/Documents/rdeveloper/laravel/e-pilpresma/vendor/laravel/framework/src/Illuminate/Database/Connection.php(722): Illuminate\Database\Connection->Illuminate\Database\{closure}(Object(Illuminate\Database\MySqlConnection), 'update `users` ...', Array)
#2 /home/rivalmsr/Documents/rdeveloper/laravel/e-pilpresma/vendor/laravel/framework/src/Illuminate/Database/Connection.php(685): Illuminate\Database\Connection->runQueryCallback('update `users` ...', Array, Object(Closure))
#3 /home/rivalmsr/Documents/rdeveloper/laravel/e-pilpresma/vendor/laravel/framework/src/Illuminate/Database/Connection.php(483): Illuminate\Database\Connection->run('update `users` ...', Array, Object(Closure))
#4 /home/rivalmsr/Documents/rdeveloper/laravel/e-pilpresma/vendor/laravel/framework/src/Illuminate/Database/Connection.php(426): Illuminate\Database\Connection->affectingStatement('update `users` ...', Array)
#5 /home/rivalmsr/Documents/rdeveloper/laravel/e-pilpresma/vendor/laravel/framework/src/Illuminate/Database/Query/Builder.php(2123): Illuminate\Database\Connection->update('update `users` ...', Array)
#6 /home/rivalmsr/Documents/rdeveloper/laravel/e-pilpresma/vendor/laravel/framework/src/Illuminate/Database/Eloquent/Builder.php(532): Illuminate\Database\Query\Builder->update(Array)
#7 /home/rivalmsr/Documents/rdeveloper/laravel/e-pilpresma/bootstrap/cache/compiled.php(10835): Illuminate\Database\Eloquent\Builder->update(Array)
#8 /home/rivalmsr/Documents/rdeveloper/laravel/e-pilpresma/bootstrap/cache/compiled.php(10800): Illuminate\Database\Eloquent\Model->performUpdate(Object(Illuminate\Database\Eloquent\Builder), Array)
#9 /home/rivalmsr/Documents/rdeveloper/laravel/e-pilpresma/app/Http/Controllers/UsersController.php(120): Illuminate\Database\Eloquent\Model->save()
#10 [internal function]: App\Http\Controllers\UsersController->update(Object(Illuminate\Http\Request), '2')
#11 /home/rivalmsr/Documents/rdeveloper/laravel/e-pilpresma/bootstrap/cache/compiled.php(9424): call_user_func_array(Array, Array)
#12 /home/rivalmsr/Documents/rdeveloper/laravel/e-pilpresma/bootstrap/cache/compiled.php(9486): Illuminate\Routing\Controller->callAction('update', Array)
#13 /home/rivalmsr/Documents/rdeveloper/laravel/e-pilpresma/bootstrap/cache/compiled.php(9466): Illuminate\Routing\ControllerDispatcher->call(Object(App\Http\Controllers\UsersController), Object(Illuminate\Routing\Route), 'update')
#14 [internal function]: Illuminate\Routing\ControllerDispatcher->Illuminate\Routing\{closure}(Object(Illuminate\Http\Request))
#15 /home/rivalmsr/Documents/rdeveloper/laravel/e-pilpresma/vendor/laravel/framework/src/Illuminate/Routing/Pipeline.php(52): call_user_func(Object(Closure), Object(Illuminate\Http\Request))
#16 [internal function]: Illuminate\Routing\Pipeline->Illuminate\Routing\{closure}(Object(Illuminate\Http\Request))
#17 /home/rivalmsr/Documents/rdeveloper/laravel/e-pilpresma/bootstrap/cache/compiled.php(9948): call_user_func(Object(Closure), Object(Illuminate\Http\Request))
#18 /home/rivalmsr/Documents/rdeveloper/laravel/e-pilpresma/bootstrap/cache/compiled.php(9467): Illuminate\Pipeline\Pipeline->then(Object(Closure))
#19 /home/rivalmsr/Documents/rdeveloper/laravel/e-pilpresma/bootstrap/cache/compiled.php(9454): Illuminate\Routing\ControllerDispatcher->callWithinStack(Object(App\Http\Controllers\UsersController), Object(Illuminate\Routing\Route), Object(Illuminate\Http\Request), 'update')
#20 /home/rivalmsr/Documents/rdeveloper/laravel/e-pilpresma/bootstrap/cache/compiled.php(8524): Illuminate\Routing\ControllerDispatcher->dispatch(Object(Illuminate\Routing\Route), Object(Illuminate\Http\Request), 'App\\Http\\Contro...', 'update')
#21 /home/rivalmsr/Documents/rdeveloper/laravel/e-pilpresma/bootstrap/cache/compiled.php(8511): Illuminate\Routing\Route->runController(Object(Illuminate\Http\Request))
#22 /home/rivalmsr/Documents/rdeveloper/laravel/e-pilpresma/bootstrap/cache/compiled.php(8225): Illuminate\Routing\Route->run(Object(Illuminate\Http\Request))
#23 [internal function]: Illuminate\Routing\Router->Illuminate\Routing\{closure}(Object(Illuminate\Http\Request))
#24 /home/rivalmsr/Documents/rdeveloper/laravel/e-pilpresma/vendor/laravel/framework/src/Illuminate/Routing/Pipeline.php(52): call_user_func(Object(Closure), Object(Illuminate\Http\Request))
#25 /home/rivalmsr/Documents/rdeveloper/laravel/e-pilpresma/app/Http/Middleware/SentinelTeacher.php(28): Illuminate\Routing\Pipeline->Illuminate\Routing\{closure}(Object(Illuminate\Http\Request))
#26 [internal function]: App\Http\Middleware\SentinelTeacher->handle(Object(Illuminate\Http\Request), Object(Closure))
#27 /home/rivalmsr/Documents/rdeveloper/laravel/e-pilpresma/bootstrap/cache/compiled.php(9963): call_user_func_array(Array, Array)
#28 [internal function]: Illuminate\Pipeline\Pipeline->Illuminate\Pipeline\{closure}(Object(Illuminate\Http\Request))
#29 /home/rivalmsr/Documents/rdeveloper/laravel/e-pilpresma/vendor/laravel/framework/src/Illuminate/Routing/Pipeline.php(32): call_user_func(Object(Closure), Object(Illuminate\Http\Request))
#30 /home/rivalmsr/Documents/rdeveloper/laravel/e-pilpresma/bootstrap/cache/compiled.php(3225): Illuminate\Routing\Pipeline->Illuminate\Routing\{closure}(Object(Illuminate\Http\Request))
#31 [internal function]: Illuminate\Foundation\Http\Middleware\VerifyCsrfToken->handle(Object(Illuminate\Http\Request), Object(Closure))
#32 /home/rivalmsr/Documents/rdeveloper/laravel/e-pilpresma/bootstrap/cache/compiled.php(9963): call_user_func_array(Array, Array)
#33 [internal function]: Illuminate\Pipeline\Pipeline->Illuminate\Pipeline\{closure}(Object(Illuminate\Http\Request))
#34 /home/rivalmsr/Documents/rdeveloper/laravel/e-pilpresma/vendor/laravel/framework/src/Illuminate/Routing/Pipeline.php(32): call_user_func(Object(Closure), Object(Illuminate\Http\Request))
#35 /home/rivalmsr/Documents/rdeveloper/laravel/e-pilpresma/bootstrap/cache/compiled.php(13474): Illuminate\Routing\Pipeline->Illuminate\Routing\{closure}(Object(Illuminate\Http\Request))
#36 [internal function]: Illuminate\View\Middleware\ShareErrorsFromSession->handle(Object(Illuminate\Http\Request), Object(Closure))
#37 /home/rivalmsr/Documents/rdeveloper/laravel/e-pilpresma/bootstrap/cache/compiled.php(9963): call_user_func_array(Array, Array)
#38 [internal function]: Illuminate\Pipeline\Pipeline->Illuminate\Pipeline\{closure}(Object(Illuminate\Http\Request))
#39 /home/rivalmsr/Documents/rdeveloper/laravel/e-pilpresma/vendor/laravel/framework/src/Illuminate/Routing/Pipeline.php(32): call_user_func(Object(Closure), Object(Illuminate\Http\Request))
#40 /home/rivalmsr/Documents/rdeveloper/laravel/e-pilpresma/bootstrap/cache/compiled.php(11964): Illuminate\Routing\Pipeline->Illuminate\Routing\{closure}(Object(Illuminate\Http\Request))
#41 [internal function]: Illuminate\Session\Middleware\StartSession->handle(Object(Illuminate\Http\Request), Object(Closure))
#42 /home/rivalmsr/Documents/rdeveloper/laravel/e-pilpresma/bootstrap/cache/compiled.php(9963): call_user_func_array(Array, Array)
#43 [internal function]: Illuminate\Pipeline\Pipeline->Illuminate\Pipeline\{closure}(Object(Illuminate\Http\Request))
#44 /home/rivalmsr/Documents/rdeveloper/laravel/e-pilpresma/vendor/laravel/framework/src/Illuminate/Routing/Pipeline.php(32): call_user_func(Object(Closure), Object(Illuminate\Http\Request))
#45 /home/rivalmsr/Documents/rdeveloper/laravel/e-pilpresma/bootstrap/cache/compiled.php(13213): Illuminate\Routing\Pipeline->Illuminate\Routing\{closure}(Object(Illuminate\Http\Request))
#46 [internal function]: Illuminate\Cookie\Middleware\AddQueuedCookiesToResponse->handle(Object(Illuminate\Http\Request), Object(Closure))
#47 /home/rivalmsr/Documents/rdeveloper/laravel/e-pilpresma/bootstrap/cache/compiled.php(9963): call_user_func_array(Array, Array)
#48 [internal function]: Illuminate\Pipeline\Pipeline->Illuminate\Pipeline\{closure}(Object(Illuminate\Http\Request))
#49 /home/rivalmsr/Documents/rdeveloper/laravel/e-pilpresma/vendor/laravel/framework/src/Illuminate/Routing/Pipeline.php(32): call_user_func(Object(Closure), Object(Illuminate\Http\Request))
#50 /home/rivalmsr/Documents/rdeveloper/laravel/e-pilpresma/bootstrap/cache/compiled.php(13150): Illuminate\Routing\Pipeline->Illuminate\Routing\{closure}(Object(Illuminate\Http\Request))
#51 [internal function]: Illuminate\Cookie\Middleware\EncryptCookies->handle(Object(Illuminate\Http\Request), Object(Closure))
#52 /home/rivalmsr/Documents/rdeveloper/laravel/e-pilpresma/bootstrap/cache/compiled.php(9963): call_user_func_array(Array, Array)
#53 [internal function]: Illuminate\Pipeline\Pipeline->Illuminate\Pipeline\{closure}(Object(Illuminate\Http\Request))
#54 /home/rivalmsr/Documents/rdeveloper/laravel/e-pilpresma/vendor/laravel/framework/src/Illuminate/Routing/Pipeline.php(32): call_user_func(Object(Closure), Object(Illuminate\Http\Request))
#55 [internal function]: Illuminate\Routing\Pipeline->Illuminate\Routing\{closure}(Object(Illuminate\Http\Request))
#56 /home/rivalmsr/Documents/rdeveloper/laravel/e-pilpresma/bootstrap/cache/compiled.php(9948): call_user_func(Object(Closure), Object(Illuminate\Http\Request))
#57 /home/rivalmsr/Documents/rdeveloper/laravel/e-pilpresma/bootstrap/cache/compiled.php(8226): Illuminate\Pipeline\Pipeline->then(Object(Closure))
#58 /home/rivalmsr/Documents/rdeveloper/laravel/e-pilpresma/bootstrap/cache/compiled.php(8217): Illuminate\Routing\Router->runRouteWithinStack(Object(Illuminate\Routing\Route), Object(Illuminate\Http\Request))
#59 /home/rivalmsr/Documents/rdeveloper/laravel/e-pilpresma/bootstrap/cache/compiled.php(8207): Illuminate\Routing\Router->dispatchToRoute(Object(Illuminate\Http\Request))
#60 /home/rivalmsr/Documents/rdeveloper/laravel/e-pilpresma/bootstrap/cache/compiled.php(2419): Illuminate\Routing\Router->dispatch(Object(Illuminate\Http\Request))
#61 [internal function]: Illuminate\Foundation\Http\Kernel->Illuminate\Foundation\Http\{closure}(Object(Illuminate\Http\Request))
#62 /home/rivalmsr/Documents/rdeveloper/laravel/e-pilpresma/vendor/laravel/framework/src/Illuminate/Routing/Pipeline.php(52): call_user_func(Object(Closure), Object(Illuminate\Http\Request))
#63 /home/rivalmsr/Documents/rdeveloper/laravel/e-pilpresma/vendor/barryvdh/laravel-debugbar/src/Middleware/Debugbar.php(51): Illuminate\Routing\Pipeline->Illuminate\Routing\{closure}(Object(Illuminate\Http\Request))
#64 [internal function]: Barryvdh\Debugbar\Middleware\Debugbar->handle(Object(Illuminate\Http\Request), Object(Closure))
#65 /home/rivalmsr/Documents/rdeveloper/laravel/e-pilpresma/bootstrap/cache/compiled.php(9963): call_user_func_array(Array, Array)
#66 [internal function]: Illuminate\Pipeline\Pipeline->Illuminate\Pipeline\{closure}(Object(Illuminate\Http\Request))
#67 /home/rivalmsr/Documents/rdeveloper/laravel/e-pilpresma/vendor/laravel/framework/src/Illuminate/Routing/Pipeline.php(32): call_user_func(Object(Closure), Object(Illuminate\Http\Request))
#68 /home/rivalmsr/Documents/rdeveloper/laravel/e-pilpresma/bootstrap/cache/compiled.php(3286): Illuminate\Routing\Pipeline->Illuminate\Routing\{closure}(Object(Illuminate\Http\Request))
#69 [internal function]: Illuminate\Foundation\Http\Middleware\CheckForMaintenanceMode->handle(Object(Illuminate\Http\Request), Object(Closure))
#70 /home/rivalmsr/Documents/rdeveloper/laravel/e-pilpresma/bootstrap/cache/compiled.php(9963): call_user_func_array(Array, Array)
#71 [internal function]: Illuminate\Pipeline\Pipeline->Illuminate\Pipeline\{closure}(Object(Illuminate\Http\Request))
#72 /home/rivalmsr/Documents/rdeveloper/laravel/e-pilpresma/vendor/laravel/framework/src/Illuminate/Routing/Pipeline.php(32): call_user_func(Object(Closure), Object(Illuminate\Http\Request))
#73 [internal function]: Illuminate\Routing\Pipeline->Illuminate\Routing\{closure}(Object(Illuminate\Http\Request))
#74 /home/rivalmsr/Documents/rdeveloper/laravel/e-pilpresma/bootstrap/cache/compiled.php(9948): call_user_func(Object(Closure), Object(Illuminate\Http\Request))
#75 /home/rivalmsr/Documents/rdeveloper/laravel/e-pilpresma/bootstrap/cache/compiled.php(2366): Illuminate\Pipeline\Pipeline->then(Object(Closure))
#76 /home/rivalmsr/Documents/rdeveloper/laravel/e-pilpresma/bootstrap/cache/compiled.php(2350): Illuminate\Foundation\Http\Kernel->sendRequestThroughRouter(Object(Illuminate\Http\Request))
#77 /home/rivalmsr/Documents/rdeveloper/laravel/e-pilpresma/public/index.php(53): Illuminate\Foundation\Http\Kernel->handle(Object(Illuminate\Http\Request))
#78 /home/rivalmsr/Documents/rdeveloper/laravel/e-pilpresma/server.php(21): require_once('/home/rivalmsr/...')
#79 {main}

Next Illuminate\Database\QueryException: SQLSTATE[42S22]: Column not found: 1054 Unknown column 'email' in 'field list' (SQL: update `users` set `nisn` = , `born` = , `updated_at` = 2019-03-22 02:19:52, `email` = L where `id` = 2) in /home/rivalmsr/Documents/rdeveloper/laravel/e-pilpresma/vendor/laravel/framework/src/Illuminate/Database/Connection.php:729
Stack trace:
#0 /home/rivalmsr/Documents/rdeveloper/laravel/e-pilpresma/vendor/laravel/framework/src/Illuminate/Database/Connection.php(685): Illuminate\Database\Connection->runQueryCallback('update `users` ...', Array, Object(Closure))
#1 /home/rivalmsr/Documents/rdeveloper/laravel/e-pilpresma/vendor/laravel/framework/src/Illuminate/Database/Connection.php(483): Illuminate\Database\Connection->run('update `users` ...', Array, Object(Closure))
#2 /home/rivalmsr/Documents/rdeveloper/laravel/e-pilpresma/vendor/laravel/framework/src/Illuminate/Database/Connection.php(426): Illuminate\Database\Connection->affectingStatement('update `users` ...', Array)
#3 /home/rivalmsr/Documents/rdeveloper/laravel/e-pilpresma/vendor/laravel/framework/src/Illuminate/Database/Query/Builder.php(2123): Illuminate\Database\Connection->update('update `users` ...', Array)
#4 /home/rivalmsr/Documents/rdeveloper/laravel/e-pilpresma/vendor/laravel/framework/src/Illuminate/Database/Eloquent/Builder.php(532): Illuminate\Database\Query\Builder->update(Array)
#5 /home/rivalmsr/Documents/rdeveloper/laravel/e-pilpresma/bootstrap/cache/compiled.php(10835): Illuminate\Database\Eloquent\Builder->update(Array)
#6 /home/rivalmsr/Documents/rdeveloper/laravel/e-pilpresma/bootstrap/cache/compiled.php(10800): Illuminate\Database\Eloquent\Model->performUpdate(Object(Illuminate\Database\Eloquent\Builder), Array)
#7 /home/rivalmsr/Documents/rdeveloper/laravel/e-pilpresma/app/Http/Controllers/UsersController.php(120): Illuminate\Database\Eloquent\Model->save()
#8 [internal function]: App\Http\Controllers\UsersController->update(Object(Illuminate\Http\Request), '2')
#9 /home/rivalmsr/Documents/rdeveloper/laravel/e-pilpresma/bootstrap/cache/compiled.php(9424): call_user_func_array(Array, Array)
#10 /home/rivalmsr/Documents/rdeveloper/laravel/e-pilpresma/bootstrap/cache/compiled.php(9486): Illuminate\Routing\Controller->callAction('update', Array)
#11 /home/rivalmsr/Documents/rdeveloper/laravel/e-pilpresma/bootstrap/cache/compiled.php(9466): Illuminate\Routing\ControllerDispatcher->call(Object(App\Http\Controllers\UsersController), Object(Illuminate\Routing\Route), 'update')
#12 [internal function]: Illuminate\Routing\ControllerDispatcher->Illuminate\Routing\{closure}(Object(Illuminate\Http\Request))
#13 /home/rivalmsr/Documents/rdeveloper/laravel/e-pilpresma/vendor/laravel/framework/src/Illuminate/Routing/Pipeline.php(52): call_user_func(Object(Closure), Object(Illuminate\Http\Request))
#14 [internal function]: Illuminate\Routing\Pipeline->Illuminate\Routing\{closure}(Object(Illuminate\Http\Request))
#15 /home/rivalmsr/Documents/rdeveloper/laravel/e-pilpresma/bootstrap/cache/compiled.php(9948): call_user_func(Object(Closure), Object(Illuminate\Http\Request))
#16 /home/rivalmsr/Documents/rdeveloper/laravel/e-pilpresma/bootstrap/cache/compiled.php(9467): Illuminate\Pipeline\Pipeline->then(Object(Closure))
#17 /home/rivalmsr/Documents/rdeveloper/laravel/e-pilpresma/bootstrap/cache/compiled.php(9454): Illuminate\Routing\ControllerDispatcher->callWithinStack(Object(App\Http\Controllers\UsersController), Object(Illuminate\Routing\Route), Object(Illuminate\Http\Request), 'update')
#18 /home/rivalmsr/Documents/rdeveloper/laravel/e-pilpresma/bootstrap/cache/compiled.php(8524): Illuminate\Routing\ControllerDispatcher->dispatch(Object(Illuminate\Routing\Route), Object(Illuminate\Http\Request), 'App\\Http\\Contro...', 'update')
#19 /home/rivalmsr/Documents/rdeveloper/laravel/e-pilpresma/bootstrap/cache/compiled.php(8511): Illuminate\Routing\Route->runController(Object(Illuminate\Http\Request))
#20 /home/rivalmsr/Documents/rdeveloper/laravel/e-pilpresma/bootstrap/cache/compiled.php(8225): Illuminate\Routing\Route->run(Object(Illuminate\Http\Request))
#21 [internal function]: Illuminate\Routing\Router->Illuminate\Routing\{closure}(Object(Illuminate\Http\Request))
#22 /home/rivalmsr/Documents/rdeveloper/laravel/e-pilpresma/vendor/laravel/framework/src/Illuminate/Routing/Pipeline.php(52): call_user_func(Object(Closure), Object(Illuminate\Http\Request))
#23 /home/rivalmsr/Documents/rdeveloper/laravel/e-pilpresma/app/Http/Middleware/SentinelTeacher.php(28): Illuminate\Routing\Pipeline->Illuminate\Routing\{closure}(Object(Illuminate\Http\Request))
#24 [internal function]: App\Http\Middleware\SentinelTeacher->handle(Object(Illuminate\Http\Request), Object(Closure))
#25 /home/rivalmsr/Documents/rdeveloper/laravel/e-pilpresma/bootstrap/cache/compiled.php(9963): call_user_func_array(Array, Array)
#26 [internal function]: Illuminate\Pipeline\Pipeline->Illuminate\Pipeline\{closure}(Object(Illuminate\Http\Request))
#27 /home/rivalmsr/Documents/rdeveloper/laravel/e-pilpresma/vendor/laravel/framework/src/Illuminate/Routing/Pipeline.php(32): call_user_func(Object(Closure), Object(Illuminate\Http\Request))
#28 /home/rivalmsr/Documents/rdeveloper/laravel/e-pilpresma/bootstrap/cache/compiled.php(3225): Illuminate\Routing\Pipeline->Illuminate\Routing\{closure}(Object(Illuminate\Http\Request))
#29 [internal function]: Illuminate\Foundation\Http\Middleware\VerifyCsrfToken->handle(Object(Illuminate\Http\Request), Object(Closure))
#30 /home/rivalmsr/Documents/rdeveloper/laravel/e-pilpresma/bootstrap/cache/compiled.php(9963): call_user_func_array(Array, Array)
#31 [internal function]: Illuminate\Pipeline\Pipeline->Illuminate\Pipeline\{closure}(Object(Illuminate\Http\Request))
#32 /home/rivalmsr/Documents/rdeveloper/laravel/e-pilpresma/vendor/laravel/framework/src/Illuminate/Routing/Pipeline.php(32): call_user_func(Object(Closure), Object(Illuminate\Http\Request))
#33 /home/rivalmsr/Documents/rdeveloper/laravel/e-pilpresma/bootstrap/cache/compiled.php(13474): Illuminate\Routing\Pipeline->Illuminate\Routing\{closure}(Object(Illuminate\Http\Request))
#34 [internal function]: Illuminate\View\Middleware\ShareErrorsFromSession->handle(Object(Illuminate\Http\Request), Object(Closure))
#35 /home/rivalmsr/Documents/rdeveloper/laravel/e-pilpresma/bootstrap/cache/compiled.php(9963): call_user_func_array(Array, Array)
#36 [internal function]: Illuminate\Pipeline\Pipeline->Illuminate\Pipeline\{closure}(Object(Illuminate\Http\Request))
#37 /home/rivalmsr/Documents/rdeveloper/laravel/e-pilpresma/vendor/laravel/framework/src/Illuminate/Routing/Pipeline.php(32): call_user_func(Object(Closure), Object(Illuminate\Http\Request))
#38 /home/rivalmsr/Documents/rdeveloper/laravel/e-pilpresma/bootstrap/cache/compiled.php(11964): Illuminate\Routing\Pipeline->Illuminate\Routing\{closure}(Object(Illuminate\Http\Request))
#39 [internal function]: Illuminate\Session\Middleware\StartSession->handle(Object(Illuminate\Http\Request), Object(Closure))
#40 /home/rivalmsr/Documents/rdeveloper/laravel/e-pilpresma/bootstrap/cache/compiled.php(9963): call_user_func_array(Array, Array)
#41 [internal function]: Illuminate\Pipeline\Pipeline->Illuminate\Pipeline\{closure}(Object(Illuminate\Http\Request))
#42 /home/rivalmsr/Documents/rdeveloper/laravel/e-pilpresma/vendor/laravel/framework/src/Illuminate/Routing/Pipeline.php(32): call_user_func(Object(Closure), Object(Illuminate\Http\Request))
#43 /home/rivalmsr/Documents/rdeveloper/laravel/e-pilpresma/bootstrap/cache/compiled.php(13213): Illuminate\Routing\Pipeline->Illuminate\Routing\{closure}(Object(Illuminate\Http\Request))
#44 [internal function]: Illuminate\Cookie\Middleware\AddQueuedCookiesToResponse->handle(Object(Illuminate\Http\Request), Object(Closure))
#45 /home/rivalmsr/Documents/rdeveloper/laravel/e-pilpresma/bootstrap/cache/compiled.php(9963): call_user_func_array(Array, Array)
#46 [internal function]: Illuminate\Pipeline\Pipeline->Illuminate\Pipeline\{closure}(Object(Illuminate\Http\Request))
#47 /home/rivalmsr/Documents/rdeveloper/laravel/e-pilpresma/vendor/laravel/framework/src/Illuminate/Routing/Pipeline.php(32): call_user_func(Object(Closure), Object(Illuminate\Http\Request))
#48 /home/rivalmsr/Documents/rdeveloper/laravel/e-pilpresma/bootstrap/cache/compiled.php(13150): Illuminate\Routing\Pipeline->Illuminate\Routing\{closure}(Object(Illuminate\Http\Request))
#49 [internal function]: Illuminate\Cookie\Middleware\EncryptCookies->handle(Object(Illuminate\Http\Request), Object(Closure))
#50 /home/rivalmsr/Documents/rdeveloper/laravel/e-pilpresma/bootstrap/cache/compiled.php(9963): call_user_func_array(Array, Array)
#51 [internal function]: Illuminate\Pipeline\Pipeline->Illuminate\Pipeline\{closure}(Object(Illuminate\Http\Request))
#52 /home/rivalmsr/Documents/rdeveloper/laravel/e-pilpresma/vendor/laravel/framework/src/Illuminate/Routing/Pipeline.php(32): call_user_func(Object(Closure), Object(Illuminate\Http\Request))
#53 [internal function]: Illuminate\Routing\Pipeline->Illuminate\Routing\{closure}(Object(Illuminate\Http\Request))
#54 /home/rivalmsr/Documents/rdeveloper/laravel/e-pilpresma/bootstrap/cache/compiled.php(9948): call_user_func(Object(Closure), Object(Illuminate\Http\Request))
#55 /home/rivalmsr/Documents/rdeveloper/laravel/e-pilpresma/bootstrap/cache/compiled.php(8226): Illuminate\Pipeline\Pipeline->then(Object(Closure))
#56 /home/rivalmsr/Documents/rdeveloper/laravel/e-pilpresma/bootstrap/cache/compiled.php(8217): Illuminate\Routing\Router->runRouteWithinStack(Object(Illuminate\Routing\Route), Object(Illuminate\Http\Request))
#57 /home/rivalmsr/Documents/rdeveloper/laravel/e-pilpresma/bootstrap/cache/compiled.php(8207): Illuminate\Routing\Router->dispatchToRoute(Object(Illuminate\Http\Request))
#58 /home/rivalmsr/Documents/rdeveloper/laravel/e-pilpresma/bootstrap/cache/compiled.php(2419): Illuminate\Routing\Router->dispatch(Object(Illuminate\Http\Request))
#59 [internal function]: Illuminate\Foundation\Http\Kernel->Illuminate\Foundation\Http\{closure}(Object(Illuminate\Http\Request))
#60 /home/rivalmsr/Documents/rdeveloper/laravel/e-pilpresma/vendor/laravel/framework/src/Illuminate/Routing/Pipeline.php(52): call_user_func(Object(Closure), Object(Illuminate\Http\Request))
#61 /home/rivalmsr/Documents/rdeveloper/laravel/e-pilpresma/vendor/barryvdh/laravel-debugbar/src/Middleware/Debugbar.php(51): Illuminate\Routing\Pipeline->Illuminate\Routing\{closure}(Object(Illuminate\Http\Request))
#62 [internal function]: Barryvdh\Debugbar\Middleware\Debugbar->handle(Object(Illuminate\Http\Request), Object(Closure))
#63 /home/rivalmsr/Documents/rdeveloper/laravel/e-pilpresma/bootstrap/cache/compiled.php(9963): call_user_func_array(Array, Array)
#64 [internal function]: Illuminate\Pipeline\Pipeline->Illuminate\Pipeline\{closure}(Object(Illuminate\Http\Request))
#65 /home/rivalmsr/Documents/rdeveloper/laravel/e-pilpresma/vendor/laravel/framework/src/Illuminate/Routing/Pipeline.php(32): call_user_func(Object(Closure), Object(Illuminate\Http\Request))
#66 /home/rivalmsr/Documents/rdeveloper/laravel/e-pilpresma/bootstrap/cache/compiled.php(3286): Illuminate\Routing\Pipeline->Illuminate\Routing\{closure}(Object(Illuminate\Http\Request))
#67 [internal function]: Illuminate\Foundation\Http\Middleware\CheckForMaintenanceMode->handle(Object(Illuminate\Http\Request), Object(Closure))
#68 /home/rivalmsr/Documents/rdeveloper/laravel/e-pilpresma/bootstrap/cache/compiled.php(9963): call_user_func_array(Array, Array)
#69 [internal function]: Illuminate\Pipeline\Pipeline->Illuminate\Pipeline\{closure}(Object(Illuminate\Http\Request))
#70 /home/rivalmsr/Documents/rdeveloper/laravel/e-pilpresma/vendor/laravel/framework/src/Illuminate/Routing/Pipeline.php(32): call_user_func(Object(Closure), Object(Illuminate\Http\Request))
#71 [internal function]: Illuminate\Routing\Pipeline->Illuminate\Routing\{closure}(Object(Illuminate\Http\Request))
#72 /home/rivalmsr/Documents/rdeveloper/laravel/e-pilpresma/bootstrap/cache/compiled.php(9948): call_user_func(Object(Closure), Object(Illuminate\Http\Request))
#73 /home/rivalmsr/Documents/rdeveloper/laravel/e-pilpresma/bootstrap/cache/compiled.php(2366): Illuminate\Pipeline\Pipeline->then(Object(Closure))
#74 /home/rivalmsr/Documents/rdeveloper/laravel/e-pilpresma/bootstrap/cache/compiled.php(2350): Illuminate\Foundation\Http\Kernel->sendRequestThroughRouter(Object(Illuminate\Http\Request))
#75 /home/rivalmsr/Documents/rdeveloper/laravel/e-pilpresma/public/index.php(53): Illuminate\Foundation\Http\Kernel->handle(Object(Illuminate\Http\Request))
#76 /home/rivalmsr/Documents/rdeveloper/laravel/e-pilpresma/server.php(21): require_once('/home/rivalmsr/...')
#77 {main}  
[2019-03-22 02:25:21] local.ERROR: Intervention\Image\Exception\NotSupportedException: GD Library extension not available with this PHP installation. in /home/rivalmsr/Documents/rdeveloper/laravel/e-pilpresma/vendor/intervention/image/src/Intervention/Image/Gd/Driver.php:16
Stack trace:
#0 /home/rivalmsr/Documents/rdeveloper/laravel/e-pilpresma/vendor/intervention/image/src/Intervention/Image/ImageManager.php(110): Intervention\Image\Gd\Driver->__construct()
#1 /home/rivalmsr/Documents/rdeveloper/laravel/e-pilpresma/vendor/intervention/image/src/Intervention/Image/ImageManager.php(52): Intervention\Image\ImageManager->createDriver()
#2 /home/rivalmsr/Documents/rdeveloper/laravel/e-pilpresma/bootstrap/cache/compiled.php(6325): Intervention\Image\ImageManager->make(Object(Illuminate\Http\UploadedFile))
#3 /home/rivalmsr/Documents/rdeveloper/laravel/e-pilpresma/app/Http/Controllers/CandidatesController.php(58): Illuminate\Support\Facades\Facade::__callStatic('make', Array)
#4 [internal function]: App\Http\Controllers\CandidatesController->store(Object(Illuminate\Http\Request))
#5 /home/rivalmsr/Documents/rdeveloper/laravel/e-pilpresma/bootstrap/cache/compiled.php(9424): call_user_func_array(Array, Array)
#6 /home/rivalmsr/Documents/rdeveloper/laravel/e-pilpresma/bootstrap/cache/compiled.php(9486): Illuminate\Routing\Controller->callAction('store', Array)
#7 /home/rivalmsr/Documents/rdeveloper/laravel/e-pilpresma/bootstrap/cache/compiled.php(9466): Illuminate\Routing\ControllerDispatcher->call(Object(App\Http\Controllers\CandidatesController), Object(Illuminate\Routing\Route), 'store')
#8 [internal function]: Illuminate\Routing\ControllerDispatcher->Illuminate\Routing\{closure}(Object(Illuminate\Http\Request))
#9 /home/rivalmsr/Documents/rdeveloper/laravel/e-pilpresma/vendor/laravel/framework/src/Illuminate/Routing/Pipeline.php(52): call_user_func(Object(Closure), Object(Illuminate\Http\Request))
#10 [internal function]: Illuminate\Routing\Pipeline->Illuminate\Routing\{closure}(Object(Illuminate\Http\Request))
#11 /home/rivalmsr/Documents/rdeveloper/laravel/e-pilpresma/bootstrap/cache/compiled.php(9948): call_user_func(Object(Closure), Object(Illuminate\Http\Request))
#12 /home/rivalmsr/Documents/rdeveloper/laravel/e-pilpresma/bootstrap/cache/compiled.php(9467): Illuminate\Pipeline\Pipeline->then(Object(Closure))
#13 /home/rivalmsr/Documents/rdeveloper/laravel/e-pilpresma/bootstrap/cache/compiled.php(9454): Illuminate\Routing\ControllerDispatcher->callWithinStack(Object(App\Http\Controllers\CandidatesController), Object(Illuminate\Routing\Route), Object(Illuminate\Http\Request), 'store')
#14 /home/rivalmsr/Documents/rdeveloper/laravel/e-pilpresma/bootstrap/cache/compiled.php(8524): Illuminate\Routing\ControllerDispatcher->dispatch(Object(Illuminate\Routing\Route), Object(Illuminate\Http\Request), 'App\\Http\\Contro...', 'store')
#15 /home/rivalmsr/Documents/rdeveloper/laravel/e-pilpresma/bootstrap/cache/compiled.php(8511): Illuminate\Routing\Route->runController(Object(Illuminate\Http\Request))
#16 /home/rivalmsr/Documents/rdeveloper/laravel/e-pilpresma/bootstrap/cache/compiled.php(8225): Illuminate\Routing\Route->run(Object(Illuminate\Http\Request))
#17 [internal function]: Illuminate\Routing\Router->Illuminate\Routing\{closure}(Object(Illuminate\Http\Request))
#18 /home/rivalmsr/Documents/rdeveloper/laravel/e-pilpresma/vendor/laravel/framework/src/Illuminate/Routing/Pipeline.php(52): call_user_func(Object(Closure), Object(Illuminate\Http\Request))
#19 /home/rivalmsr/Documents/rdeveloper/laravel/e-pilpresma/app/Http/Middleware/SentinelAdmin.php(28): Illuminate\Routing\Pipeline->Illuminate\Routing\{closure}(Object(Illuminate\Http\Request))
#20 [internal function]: App\Http\Middleware\SentinelAdmin->handle(Object(Illuminate\Http\Request), Object(Closure))
#21 /home/rivalmsr/Documents/rdeveloper/laravel/e-pilpresma/bootstrap/cache/compiled.php(9963): call_user_func_array(Array, Array)
#22 [internal function]: Illuminate\Pipeline\Pipeline->Illuminate\Pipeline\{closure}(Object(Illuminate\Http\Request))
#23 /home/rivalmsr/Documents/rdeveloper/laravel/e-pilpresma/vendor/laravel/framework/src/Illuminate/Routing/Pipeline.php(32): call_user_func(Object(Closure), Object(Illuminate\Http\Request))
#24 /home/rivalmsr/Documents/rdeveloper/laravel/e-pilpresma/bootstrap/cache/compiled.php(3225): Illuminate\Routing\Pipeline->Illuminate\Routing\{closure}(Object(Illuminate\Http\Request))
#25 [internal function]: Illuminate\Foundation\Http\Middleware\VerifyCsrfToken->handle(Object(Illuminate\Http\Request), Object(Closure))
#26 /home/rivalmsr/Documents/rdeveloper/laravel/e-pilpresma/bootstrap/cache/compiled.php(9963): call_user_func_array(Array, Array)
#27 [internal function]: Illuminate\Pipeline\Pipeline->Illuminate\Pipeline\{closure}(Object(Illuminate\Http\Request))
#28 /home/rivalmsr/Documents/rdeveloper/laravel/e-pilpresma/vendor/laravel/framework/src/Illuminate/Routing/Pipeline.php(32): call_user_func(Object(Closure), Object(Illuminate\Http\Request))
#29 /home/rivalmsr/Documents/rdeveloper/laravel/e-pilpresma/bootstrap/cache/compiled.php(13474): Illuminate\Routing\Pipeline->Illuminate\Routing\{closure}(Object(Illuminate\Http\Request))
#30 [internal function]: Illuminate\View\Middleware\ShareErrorsFromSession->handle(Object(Illuminate\Http\Request), Object(Closure))
#31 /home/rivalmsr/Documents/rdeveloper/laravel/e-pilpresma/bootstrap/cache/compiled.php(9963): call_user_func_array(Array, Array)
#32 [internal function]: Illuminate\Pipeline\Pipeline->Illuminate\Pipeline\{closure}(Object(Illuminate\Http\Request))
#33 /home/rivalmsr/Documents/rdeveloper/laravel/e-pilpresma/vendor/laravel/framework/src/Illuminate/Routing/Pipeline.php(32): call_user_func(Object(Closure), Object(Illuminate\Http\Request))
#34 /home/rivalmsr/Documents/rdeveloper/laravel/e-pilpresma/bootstrap/cache/compiled.php(11964): Illuminate\Routing\Pipeline->Illuminate\Routing\{closure}(Object(Illuminate\Http\Request))
#35 [internal function]: Illuminate\Session\Middleware\StartSession->handle(Object(Illuminate\Http\Request), Object(Closure))
#36 /home/rivalmsr/Documents/rdeveloper/laravel/e-pilpresma/bootstrap/cache/compiled.php(9963): call_user_func_array(Array, Array)
#37 [internal function]: Illuminate\Pipeline\Pipeline->Illuminate\Pipeline\{closure}(Object(Illuminate\Http\Request))
#38 /home/rivalmsr/Documents/rdeveloper/laravel/e-pilpresma/vendor/laravel/framework/src/Illuminate/Routing/Pipeline.php(32): call_user_func(Object(Closure), Object(Illuminate\Http\Request))
#39 /home/rivalmsr/Documents/rdeveloper/laravel/e-pilpresma/bootstrap/cache/compiled.php(13213): Illuminate\Routing\Pipeline->Illuminate\Routing\{closure}(Object(Illuminate\Http\Request))
#40 [internal function]: Illuminate\Cookie\Middleware\AddQueuedCookiesToResponse->handle(Object(Illuminate\Http\Request), Object(Closure))
#41 /home/rivalmsr/Documents/rdeveloper/laravel/e-pilpresma/bootstrap/cache/compiled.php(9963): call_user_func_array(Array, Array)
#42 [internal function]: Illuminate\Pipeline\Pipeline->Illuminate\Pipeline\{closure}(Object(Illuminate\Http\Request))
#43 /home/rivalmsr/Documents/rdeveloper/laravel/e-pilpresma/vendor/laravel/framework/src/Illuminate/Routing/Pipeline.php(32): call_user_func(Object(Closure), Object(Illuminate\Http\Request))
#44 /home/rivalmsr/Documents/rdeveloper/laravel/e-pilpresma/bootstrap/cache/compiled.php(13150): Illuminate\Routing\Pipeline->Illuminate\Routing\{closure}(Object(Illuminate\Http\Request))
#45 [internal function]: Illuminate\Cookie\Middleware\EncryptCookies->handle(Object(Illuminate\Http\Request), Object(Closure))
#46 /home/rivalmsr/Documents/rdeveloper/laravel/e-pilpresma/bootstrap/cache/compiled.php(9963): call_user_func_array(Array, Array)
#47 [internal function]: Illuminate\Pipeline\Pipeline->Illuminate\Pipeline\{closure}(Object(Illuminate\Http\Request))
#48 /home/rivalmsr/Documents/rdeveloper/laravel/e-pilpresma/vendor/laravel/framework/src/Illuminate/Routing/Pipeline.php(32): call_user_func(Object(Closure), Object(Illuminate\Http\Request))
#49 [internal function]: Illuminate\Routing\Pipeline->Illuminate\Routing\{closure}(Object(Illuminate\Http\Request))
#50 /home/rivalmsr/Documents/rdeveloper/laravel/e-pilpresma/bootstrap/cache/compiled.php(9948): call_user_func(Object(Closure), Object(Illuminate\Http\Request))
#51 /home/rivalmsr/Documents/rdeveloper/laravel/e-pilpresma/bootstrap/cache/compiled.php(8226): Illuminate\Pipeline\Pipeline->then(Object(Closure))
#52 /home/rivalmsr/Documents/rdeveloper/laravel/e-pilpresma/bootstrap/cache/compiled.php(8217): Illuminate\Routing\Router->runRouteWithinStack(Object(Illuminate\Routing\Route), Object(Illuminate\Http\Request))
#53 /home/rivalmsr/Documents/rdeveloper/laravel/e-pilpresma/bootstrap/cache/compiled.php(8207): Illuminate\Routing\Router->dispatchToRoute(Object(Illuminate\Http\Request))
#54 /home/rivalmsr/Documents/rdeveloper/laravel/e-pilpresma/bootstrap/cache/compiled.php(2419): Illuminate\Routing\Router->dispatch(Object(Illuminate\Http\Request))
#55 [internal function]: Illuminate\Foundation\Http\Kernel->Illuminate\Foundation\Http\{closure}(Object(Illuminate\Http\Request))
#56 /home/rivalmsr/Documents/rdeveloper/laravel/e-pilpresma/vendor/laravel/framework/src/Illuminate/Routing/Pipeline.php(52): call_user_func(Object(Closure), Object(Illuminate\Http\Request))
#57 /home/rivalmsr/Documents/rdeveloper/laravel/e-pilpresma/vendor/barryvdh/laravel-debugbar/src/Middleware/Debugbar.php(51): Illuminate\Routing\Pipeline->Illuminate\Routing\{closure}(Object(Illuminate\Http\Request))
#58 [internal function]: Barryvdh\Debugbar\Middleware\Debugbar->handle(Object(Illuminate\Http\Request), Object(Closure))
#59 /home/rivalmsr/Documents/rdeveloper/laravel/e-pilpresma/bootstrap/cache/compiled.php(9963): call_user_func_array(Array, Array)
#60 [internal function]: Illuminate\Pipeline\Pipeline->Illuminate\Pipeline\{closure}(Object(Illuminate\Http\Request))
#61 /home/rivalmsr/Documents/rdeveloper/laravel/e-pilpresma/vendor/laravel/framework/src/Illuminate/Routing/Pipeline.php(32): call_user_func(Object(Closure), Object(Illuminate\Http\Request))
#62 /home/rivalmsr/Documents/rdeveloper/laravel/e-pilpresma/bootstrap/cache/compiled.php(3286): Illuminate\Routing\Pipeline->Illuminate\Routing\{closure}(Object(Illuminate\Http\Request))
#63 [internal function]: Illuminate\Foundation\Http\Middleware\CheckForMaintenanceMode->handle(Object(Illuminate\Http\Request), Object(Closure))
#64 /home/rivalmsr/Documents/rdeveloper/laravel/e-pilpresma/bootstrap/cache/compiled.php(9963): call_user_func_array(Array, Array)
#65 [internal function]: Illuminate\Pipeline\Pipeline->Illuminate\Pipeline\{closure}(Object(Illuminate\Http\Request))
#66 /home/rivalmsr/Documents/rdeveloper/laravel/e-pilpresma/vendor/laravel/framework/src/Illuminate/Routing/Pipeline.php(32): call_user_func(Object(Closure), Object(Illuminate\Http\Request))
#67 [internal function]: Illuminate\Routing\Pipeline->Illuminate\Routing\{closure}(Object(Illuminate\Http\Request))
#68 /home/rivalmsr/Documents/rdeveloper/laravel/e-pilpresma/bootstrap/cache/compiled.php(9948): call_user_func(Object(Closure), Object(Illuminate\Http\Request))
#69 /home/rivalmsr/Documents/rdeveloper/laravel/e-pilpresma/bootstrap/cache/compiled.php(2366): Illuminate\Pipeline\Pipeline->then(Object(Closure))
#70 /home/rivalmsr/Documents/rdeveloper/laravel/e-pilpresma/bootstrap/cache/compiled.php(2350): Illuminate\Foundation\Http\Kernel->sendRequestThroughRouter(Object(Illuminate\Http\Request))
#71 /home/rivalmsr/Documents/rdeveloper/laravel/e-pilpresma/public/index.php(53): Illuminate\Foundation\Http\Kernel->handle(Object(Illuminate\Http\Request))
#72 /home/rivalmsr/Documents/rdeveloper/laravel/e-pilpresma/server.php(21): require_once('/home/rivalmsr/...')
#73 {main}  
[2019-03-22 02:26:07] local.ERROR: ErrorException: count(): Parameter must be an array or an object that implements Countable in /home/rivalmsr/Documents/rdeveloper/laravel/e-pilpresma/app/Http/Controllers/CandidatesController.php:106
Stack trace:
#0 [internal function]: Illuminate\Foundation\Bootstrap\HandleExceptions->handleError(2, 'count(): Parame...', '/home/rivalmsr/...', 106, Array)
#1 /home/rivalmsr/Documents/rdeveloper/laravel/e-pilpresma/app/Http/Controllers/CandidatesController.php(106): count(Object(Illuminate\Http\UploadedFile))
#2 [internal function]: App\Http\Controllers\CandidatesController->update(Object(Illuminate\Http\Request), '4')
#3 /home/rivalmsr/Documents/rdeveloper/laravel/e-pilpresma/bootstrap/cache/compiled.php(9424): call_user_func_array(Array, Array)
#4 /home/rivalmsr/Documents/rdeveloper/laravel/e-pilpresma/bootstrap/cache/compiled.php(9486): Illuminate\Routing\Controller->callAction('update', Array)
#5 /home/rivalmsr/Documents/rdeveloper/laravel/e-pilpresma/bootstrap/cache/compiled.php(9466): Illuminate\Routing\ControllerDispatcher->call(Object(App\Http\Controllers\CandidatesController), Object(Illuminate\Routing\Route), 'update')
#6 [internal function]: Illuminate\Routing\ControllerDispatcher->Illuminate\Routing\{closure}(Object(Illuminate\Http\Request))
#7 /home/rivalmsr/Documents/rdeveloper/laravel/e-pilpresma/vendor/laravel/framework/src/Illuminate/Routing/Pipeline.php(52): call_user_func(Object(Closure), Object(Illuminate\Http\Request))
#8 [internal function]: Illuminate\Routing\Pipeline->Illuminate\Routing\{closure}(Object(Illuminate\Http\Request))
#9 /home/rivalmsr/Documents/rdeveloper/laravel/e-pilpresma/bootstrap/cache/compiled.php(9948): call_user_func(Object(Closure), Object(Illuminate\Http\Request))
#10 /home/rivalmsr/Documents/rdeveloper/laravel/e-pilpresma/bootstrap/cache/compiled.php(9467): Illuminate\Pipeline\Pipeline->then(Object(Closure))
#11 /home/rivalmsr/Documents/rdeveloper/laravel/e-pilpresma/bootstrap/cache/compiled.php(9454): Illuminate\Routing\ControllerDispatcher->callWithinStack(Object(App\Http\Controllers\CandidatesController), Object(Illuminate\Routing\Route), Object(Illuminate\Http\Request), 'update')
#12 /home/rivalmsr/Documents/rdeveloper/laravel/e-pilpresma/bootstrap/cache/compiled.php(8524): Illuminate\Routing\ControllerDispatcher->dispatch(Object(Illuminate\Routing\Route), Object(Illuminate\Http\Request), 'App\\Http\\Contro...', 'update')
#13 /home/rivalmsr/Documents/rdeveloper/laravel/e-pilpresma/bootstrap/cache/compiled.php(8511): Illuminate\Routing\Route->runController(Object(Illuminate\Http\Request))
#14 /home/rivalmsr/Documents/rdeveloper/laravel/e-pilpresma/bootstrap/cache/compiled.php(8225): Illuminate\Routing\Route->run(Object(Illuminate\Http\Request))
#15 [internal function]: Illuminate\Routing\Router->Illuminate\Routing\{closure}(Object(Illuminate\Http\Request))
#16 /home/rivalmsr/Documents/rdeveloper/laravel/e-pilpresma/vendor/laravel/framework/src/Illuminate/Routing/Pipeline.php(52): call_user_func(Object(Closure), Object(Illuminate\Http\Request))
#17 /home/rivalmsr/Documents/rdeveloper/laravel/e-pilpresma/app/Http/Middleware/SentinelAdmin.php(28): Illuminate\Routing\Pipeline->Illuminate\Routing\{closure}(Object(Illuminate\Http\Request))
#18 [internal function]: App\Http\Middleware\SentinelAdmin->handle(Object(Illuminate\Http\Request), Object(Closure))
#19 /home/rivalmsr/Documents/rdeveloper/laravel/e-pilpresma/bootstrap/cache/compiled.php(9963): call_user_func_array(Array, Array)
#20 [internal function]: Illuminate\Pipeline\Pipeline->Illuminate\Pipeline\{closure}(Object(Illuminate\Http\Request))
#21 /home/rivalmsr/Documents/rdeveloper/laravel/e-pilpresma/vendor/laravel/framework/src/Illuminate/Routing/Pipeline.php(32): call_user_func(Object(Closure), Object(Illuminate\Http\Request))
#22 /home/rivalmsr/Documents/rdeveloper/laravel/e-pilpresma/bootstrap/cache/compiled.php(3225): Illuminate\Routing\Pipeline->Illuminate\Routing\{closure}(Object(Illuminate\Http\Request))
#23 [internal function]: Illuminate\Foundation\Http\Middleware\VerifyCsrfToken->handle(Object(Illuminate\Http\Request), Object(Closure))
#24 /home/rivalmsr/Documents/rdeveloper/laravel/e-pilpresma/bootstrap/cache/compiled.php(9963): call_user_func_array(Array, Array)
#25 [internal function]: Illuminate\Pipeline\Pipeline->Illuminate\Pipeline\{closure}(Object(Illuminate\Http\Request))
#26 /home/rivalmsr/Documents/rdeveloper/laravel/e-pilpresma/vendor/laravel/framework/src/Illuminate/Routing/Pipeline.php(32): call_user_func(Object(Closure), Object(Illuminate\Http\Request))
#27 /home/rivalmsr/Documents/rdeveloper/laravel/e-pilpresma/bootstrap/cache/compiled.php(13474): Illuminate\Routing\Pipeline->Illuminate\Routing\{closure}(Object(Illuminate\Http\Request))
#28 [internal function]: Illuminate\View\Middleware\ShareErrorsFromSession->handle(Object(Illuminate\Http\Request), Object(Closure))
#29 /home/rivalmsr/Documents/rdeveloper/laravel/e-pilpresma/bootstrap/cache/compiled.php(9963): call_user_func_array(Array, Array)
#30 [internal function]: Illuminate\Pipeline\Pipeline->Illuminate\Pipeline\{closure}(Object(Illuminate\Http\Request))
#31 /home/rivalmsr/Documents/rdeveloper/laravel/e-pilpresma/vendor/laravel/framework/src/Illuminate/Routing/Pipeline.php(32): call_user_func(Object(Closure), Object(Illuminate\Http\Request))
#32 /home/rivalmsr/Documents/rdeveloper/laravel/e-pilpresma/bootstrap/cache/compiled.php(11964): Illuminate\Routing\Pipeline->Illuminate\Routing\{closure}(Object(Illuminate\Http\Request))
#33 [internal function]: Illuminate\Session\Middleware\StartSession->handle(Object(Illuminate\Http\Request), Object(Closure))
#34 /home/rivalmsr/Documents/rdeveloper/laravel/e-pilpresma/bootstrap/cache/compiled.php(9963): call_user_func_array(Array, Array)
#35 [internal function]: Illuminate\Pipeline\Pipeline->Illuminate\Pipeline\{closure}(Object(Illuminate\Http\Request))
#36 /home/rivalmsr/Documents/rdeveloper/laravel/e-pilpresma/vendor/laravel/framework/src/Illuminate/Routing/Pipeline.php(32): call_user_func(Object(Closure), Object(Illuminate\Http\Request))
#37 /home/rivalmsr/Documents/rdeveloper/laravel/e-pilpresma/bootstrap/cache/compiled.php(13213): Illuminate\Routing\Pipeline->Illuminate\Routing\{closure}(Object(Illuminate\Http\Request))
#38 [internal function]: Illuminate\Cookie\Middleware\AddQueuedCookiesToResponse->handle(Object(Illuminate\Http\Request), Object(Closure))
#39 /home/rivalmsr/Documents/rdeveloper/laravel/e-pilpresma/bootstrap/cache/compiled.php(9963): call_user_func_array(Array, Array)
#40 [internal function]: Illuminate\Pipeline\Pipeline->Illuminate\Pipeline\{closure}(Object(Illuminate\Http\Request))
#41 /home/rivalmsr/Documents/rdeveloper/laravel/e-pilpresma/vendor/laravel/framework/src/Illuminate/Routing/Pipeline.php(32): call_user_func(Object(Closure), Object(Illuminate\Http\Request))
#42 /home/rivalmsr/Documents/rdeveloper/laravel/e-pilpresma/bootstrap/cache/compiled.php(13150): Illuminate\Routing\Pipeline->Illuminate\Routing\{closure}(Object(Illuminate\Http\Request))
#43 [internal function]: Illuminate\Cookie\Middleware\EncryptCookies->handle(Object(Illuminate\Http\Request), Object(Closure))
#44 /home/rivalmsr/Documents/rdeveloper/laravel/e-pilpresma/bootstrap/cache/compiled.php(9963): call_user_func_array(Array, Array)
#45 [internal function]: Illuminate\Pipeline\Pipeline->Illuminate\Pipeline\{closure}(Object(Illuminate\Http\Request))
#46 /home/rivalmsr/Documents/rdeveloper/laravel/e-pilpresma/vendor/laravel/framework/src/Illuminate/Routing/Pipeline.php(32): call_user_func(Object(Closure), Object(Illuminate\Http\Request))
#47 [internal function]: Illuminate\Routing\Pipeline->Illuminate\Routing\{closure}(Object(Illuminate\Http\Request))
#48 /home/rivalmsr/Documents/rdeveloper/laravel/e-pilpresma/bootstrap/cache/compiled.php(9948): call_user_func(Object(Closure), Object(Illuminate\Http\Request))
#49 /home/rivalmsr/Documents/rdeveloper/laravel/e-pilpresma/bootstrap/cache/compiled.php(8226): Illuminate\Pipeline\Pipeline->then(Object(Closure))
#50 /home/rivalmsr/Documents/rdeveloper/laravel/e-pilpresma/bootstrap/cache/compiled.php(8217): Illuminate\Routing\Router->runRouteWithinStack(Object(Illuminate\Routing\Route), Object(Illuminate\Http\Request))
#51 /home/rivalmsr/Documents/rdeveloper/laravel/e-pilpresma/bootstrap/cache/compiled.php(8207): Illuminate\Routing\Router->dispatchToRoute(Object(Illuminate\Http\Request))
#52 /home/rivalmsr/Documents/rdeveloper/laravel/e-pilpresma/bootstrap/cache/compiled.php(2419): Illuminate\Routing\Router->dispatch(Object(Illuminate\Http\Request))
#53 [internal function]: Illuminate\Foundation\Http\Kernel->Illuminate\Foundation\Http\{closure}(Object(Illuminate\Http\Request))
#54 /home/rivalmsr/Documents/rdeveloper/laravel/e-pilpresma/vendor/laravel/framework/src/Illuminate/Routing/Pipeline.php(52): call_user_func(Object(Closure), Object(Illuminate\Http\Request))
#55 /home/rivalmsr/Documents/rdeveloper/laravel/e-pilpresma/vendor/barryvdh/laravel-debugbar/src/Middleware/Debugbar.php(51): Illuminate\Routing\Pipeline->Illuminate\Routing\{closure}(Object(Illuminate\Http\Request))
#56 [internal function]: Barryvdh\Debugbar\Middleware\Debugbar->handle(Object(Illuminate\Http\Request), Object(Closure))
#57 /home/rivalmsr/Documents/rdeveloper/laravel/e-pilpresma/bootstrap/cache/compiled.php(9963): call_user_func_array(Array, Array)
#58 [internal function]: Illuminate\Pipeline\Pipeline->Illuminate\Pipeline\{closure}(Object(Illuminate\Http\Request))
#59 /home/rivalmsr/Documents/rdeveloper/laravel/e-pilpresma/vendor/laravel/framework/src/Illuminate/Routing/Pipeline.php(32): call_user_func(Object(Closure), Object(Illuminate\Http\Request))
#60 /home/rivalmsr/Documents/rdeveloper/laravel/e-pilpresma/bootstrap/cache/compiled.php(3286): Illuminate\Routing\Pipeline->Illuminate\Routing\{closure}(Object(Illuminate\Http\Request))
#61 [internal function]: Illuminate\Foundation\Http\Middleware\CheckForMaintenanceMode->handle(Object(Illuminate\Http\Request), Object(Closure))
#62 /home/rivalmsr/Documents/rdeveloper/laravel/e-pilpresma/bootstrap/cache/compiled.php(9963): call_user_func_array(Array, Array)
#63 [internal function]: Illuminate\Pipeline\Pipeline->Illuminate\Pipeline\{closure}(Object(Illuminate\Http\Request))
#64 /home/rivalmsr/Documents/rdeveloper/laravel/e-pilpresma/vendor/laravel/framework/src/Illuminate/Routing/Pipeline.php(32): call_user_func(Object(Closure), Object(Illuminate\Http\Request))
#65 [internal function]: Illuminate\Routing\Pipeline->Illuminate\Routing\{closure}(Object(Illuminate\Http\Request))
#66 /home/rivalmsr/Documents/rdeveloper/laravel/e-pilpresma/bootstrap/cache/compiled.php(9948): call_user_func(Object(Closure), Object(Illuminate\Http\Request))
#67 /home/rivalmsr/Documents/rdeveloper/laravel/e-pilpresma/bootstrap/cache/compiled.php(2366): Illuminate\Pipeline\Pipeline->then(Object(Closure))
#68 /home/rivalmsr/Documents/rdeveloper/laravel/e-pilpresma/bootstrap/cache/compiled.php(2350): Illuminate\Foundation\Http\Kernel->sendRequestThroughRouter(Object(Illuminate\Http\Request))
#69 /home/rivalmsr/Documents/rdeveloper/laravel/e-pilpresma/public/index.php(53): Illuminate\Foundation\Http\Kernel->handle(Object(Illuminate\Http\Request))
#70 /home/rivalmsr/Documents/rdeveloper/laravel/e-pilpresma/server.php(21): require_once('/home/rivalmsr/...')
#71 {main}  
[2019-03-22 02:27:43] local.ERROR: Intervention\Image\Exception\NotSupportedException: GD Library extension not available with this PHP installation. in /home/rivalmsr/Documents/rdeveloper/laravel/e-pilpresma/vendor/intervention/image/src/Intervention/Image/Gd/Driver.php:16
Stack trace:
#0 /home/rivalmsr/Documents/rdeveloper/laravel/e-pilpresma/vendor/intervention/image/src/Intervention/Image/ImageManager.php(110): Intervention\Image\Gd\Driver->__construct()
#1 /home/rivalmsr/Documents/rdeveloper/laravel/e-pilpresma/vendor/intervention/image/src/Intervention/Image/ImageManager.php(52): Intervention\Image\ImageManager->createDriver()
#2 /home/rivalmsr/Documents/rdeveloper/laravel/e-pilpresma/bootstrap/cache/compiled.php(6325): Intervention\Image\ImageManager->make(Object(Illuminate\Http\UploadedFile))
#3 /home/rivalmsr/Documents/rdeveloper/laravel/e-pilpresma/app/Http/Controllers/CandidatesController.php(58): Illuminate\Support\Facades\Facade::__callStatic('make', Array)
#4 [internal function]: App\Http\Controllers\CandidatesController->store(Object(Illuminate\Http\Request))
#5 /home/rivalmsr/Documents/rdeveloper/laravel/e-pilpresma/bootstrap/cache/compiled.php(9424): call_user_func_array(Array, Array)
#6 /home/rivalmsr/Documents/rdeveloper/laravel/e-pilpresma/bootstrap/cache/compiled.php(9486): Illuminate\Routing\Controller->callAction('store', Array)
#7 /home/rivalmsr/Documents/rdeveloper/laravel/e-pilpresma/bootstrap/cache/compiled.php(9466): Illuminate\Routing\ControllerDispatcher->call(Object(App\Http\Controllers\CandidatesController), Object(Illuminate\Routing\Route), 'store')
#8 [internal function]: Illuminate\Routing\ControllerDispatcher->Illuminate\Routing\{closure}(Object(Illuminate\Http\Request))
#9 /home/rivalmsr/Documents/rdeveloper/laravel/e-pilpresma/vendor/laravel/framework/src/Illuminate/Routing/Pipeline.php(52): call_user_func(Object(Closure), Object(Illuminate\Http\Request))
#10 [internal function]: Illuminate\Routing\Pipeline->Illuminate\Routing\{closure}(Object(Illuminate\Http\Request))
#11 /home/rivalmsr/Documents/rdeveloper/laravel/e-pilpresma/bootstrap/cache/compiled.php(9948): call_user_func(Object(Closure), Object(Illuminate\Http\Request))
#12 /home/rivalmsr/Documents/rdeveloper/laravel/e-pilpresma/bootstrap/cache/compiled.php(9467): Illuminate\Pipeline\Pipeline->then(Object(Closure))
#13 /home/rivalmsr/Documents/rdeveloper/laravel/e-pilpresma/bootstrap/cache/compiled.php(9454): Illuminate\Routing\ControllerDispatcher->callWithinStack(Object(App\Http\Controllers\CandidatesController), Object(Illuminate\Routing\Route), Object(Illuminate\Http\Request), 'store')
#14 /home/rivalmsr/Documents/rdeveloper/laravel/e-pilpresma/bootstrap/cache/compiled.php(8524): Illuminate\Routing\ControllerDispatcher->dispatch(Object(Illuminate\Routing\Route), Object(Illuminate\Http\Request), 'App\\Http\\Contro...', 'store')
#15 /home/rivalmsr/Documents/rdeveloper/laravel/e-pilpresma/bootstrap/cache/compiled.php(8511): Illuminate\Routing\Route->runController(Object(Illuminate\Http\Request))
#16 /home/rivalmsr/Documents/rdeveloper/laravel/e-pilpresma/bootstrap/cache/compiled.php(8225): Illuminate\Routing\Route->run(Object(Illuminate\Http\Request))
#17 [internal function]: Illuminate\Routing\Router->Illuminate\Routing\{closure}(Object(Illuminate\Http\Request))
#18 /home/rivalmsr/Documents/rdeveloper/laravel/e-pilpresma/vendor/laravel/framework/src/Illuminate/Routing/Pipeline.php(52): call_user_func(Object(Closure), Object(Illuminate\Http\Request))
#19 /home/rivalmsr/Documents/rdeveloper/laravel/e-pilpresma/app/Http/Middleware/SentinelAdmin.php(28): Illuminate\Routing\Pipeline->Illuminate\Routing\{closure}(Object(Illuminate\Http\Request))
#20 [internal function]: App\Http\Middleware\SentinelAdmin->handle(Object(Illuminate\Http\Request), Object(Closure))
#21 /home/rivalmsr/Documents/rdeveloper/laravel/e-pilpresma/bootstrap/cache/compiled.php(9963): call_user_func_array(Array, Array)
#22 [internal function]: Illuminate\Pipeline\Pipeline->Illuminate\Pipeline\{closure}(Object(Illuminate\Http\Request))
#23 /home/rivalmsr/Documents/rdeveloper/laravel/e-pilpresma/vendor/laravel/framework/src/Illuminate/Routing/Pipeline.php(32): call_user_func(Object(Closure), Object(Illuminate\Http\Request))
#24 /home/rivalmsr/Documents/rdeveloper/laravel/e-pilpresma/bootstrap/cache/compiled.php(3225): Illuminate\Routing\Pipeline->Illuminate\Routing\{closure}(Object(Illuminate\Http\Request))
#25 [internal function]: Illuminate\Foundation\Http\Middleware\VerifyCsrfToken->handle(Object(Illuminate\Http\Request), Object(Closure))
#26 /home/rivalmsr/Documents/rdeveloper/laravel/e-pilpresma/bootstrap/cache/compiled.php(9963): call_user_func_array(Array, Array)
#27 [internal function]: Illuminate\Pipeline\Pipeline->Illuminate\Pipeline\{closure}(Object(Illuminate\Http\Request))
#28 /home/rivalmsr/Documents/rdeveloper/laravel/e-pilpresma/vendor/laravel/framework/src/Illuminate/Routing/Pipeline.php(32): call_user_func(Object(Closure), Object(Illuminate\Http\Request))
#29 /home/rivalmsr/Documents/rdeveloper/laravel/e-pilpresma/bootstrap/cache/compiled.php(13474): Illuminate\Routing\Pipeline->Illuminate\Routing\{closure}(Object(Illuminate\Http\Request))
#30 [internal function]: Illuminate\View\Middleware\ShareErrorsFromSession->handle(Object(Illuminate\Http\Request), Object(Closure))
#31 /home/rivalmsr/Documents/rdeveloper/laravel/e-pilpresma/bootstrap/cache/compiled.php(9963): call_user_func_array(Array, Array)
#32 [internal function]: Illuminate\Pipeline\Pipeline->Illuminate\Pipeline\{closure}(Object(Illuminate\Http\Request))
#33 /home/rivalmsr/Documents/rdeveloper/laravel/e-pilpresma/vendor/laravel/framework/src/Illuminate/Routing/Pipeline.php(32): call_user_func(Object(Closure), Object(Illuminate\Http\Request))
#34 /home/rivalmsr/Documents/rdeveloper/laravel/e-pilpresma/bootstrap/cache/compiled.php(11964): Illuminate\Routing\Pipeline->Illuminate\Routing\{closure}(Object(Illuminate\Http\Request))
#35 [internal function]: Illuminate\Session\Middleware\StartSession->handle(Object(Illuminate\Http\Request), Object(Closure))
#36 /home/rivalmsr/Documents/rdeveloper/laravel/e-pilpresma/bootstrap/cache/compiled.php(9963): call_user_func_array(Array, Array)
#37 [internal function]: Illuminate\Pipeline\Pipeline->Illuminate\Pipeline\{closure}(Object(Illuminate\Http\Request))
#38 /home/rivalmsr/Documents/rdeveloper/laravel/e-pilpresma/vendor/laravel/framework/src/Illuminate/Routing/Pipeline.php(32): call_user_func(Object(Closure), Object(Illuminate\Http\Request))
#39 /home/rivalmsr/Documents/rdeveloper/laravel/e-pilpresma/bootstrap/cache/compiled.php(13213): Illuminate\Routing\Pipeline->Illuminate\Routing\{closure}(Object(Illuminate\Http\Request))
#40 [internal function]: Illuminate\Cookie\Middleware\AddQueuedCookiesToResponse->handle(Object(Illuminate\Http\Request), Object(Closure))
#41 /home/rivalmsr/Documents/rdeveloper/laravel/e-pilpresma/bootstrap/cache/compiled.php(9963): call_user_func_array(Array, Array)
#42 [internal function]: Illuminate\Pipeline\Pipeline->Illuminate\Pipeline\{closure}(Object(Illuminate\Http\Request))
#43 /home/rivalmsr/Documents/rdeveloper/laravel/e-pilpresma/vendor/laravel/framework/src/Illuminate/Routing/Pipeline.php(32): call_user_func(Object(Closure), Object(Illuminate\Http\Request))
#44 /home/rivalmsr/Documents/rdeveloper/laravel/e-pilpresma/bootstrap/cache/compiled.php(13150): Illuminate\Routing\Pipeline->Illuminate\Routing\{closure}(Object(Illuminate\Http\Request))
#45 [internal function]: Illuminate\Cookie\Middleware\EncryptCookies->handle(Object(Illuminate\Http\Request), Object(Closure))
#46 /home/rivalmsr/Documents/rdeveloper/laravel/e-pilpresma/bootstrap/cache/compiled.php(9963): call_user_func_array(Array, Array)
#47 [internal function]: Illuminate\Pipeline\Pipeline->Illuminate\Pipeline\{closure}(Object(Illuminate\Http\Request))
#48 /home/rivalmsr/Documents/rdeveloper/laravel/e-pilpresma/vendor/laravel/framework/src/Illuminate/Routing/Pipeline.php(32): call_user_func(Object(Closure), Object(Illuminate\Http\Request))
#49 [internal function]: Illuminate\Routing\Pipeline->Illuminate\Routing\{closure}(Object(Illuminate\Http\Request))
#50 /home/rivalmsr/Documents/rdeveloper/laravel/e-pilpresma/bootstrap/cache/compiled.php(9948): call_user_func(Object(Closure), Object(Illuminate\Http\Request))
#51 /home/rivalmsr/Documents/rdeveloper/laravel/e-pilpresma/bootstrap/cache/compiled.php(8226): Illuminate\Pipeline\Pipeline->then(Object(Closure))
#52 /home/rivalmsr/Documents/rdeveloper/laravel/e-pilpresma/bootstrap/cache/compiled.php(8217): Illuminate\Routing\Router->runRouteWithinStack(Object(Illuminate\Routing\Route), Object(Illuminate\Http\Request))
#53 /home/rivalmsr/Documents/rdeveloper/laravel/e-pilpresma/bootstrap/cache/compiled.php(8207): Illuminate\Routing\Router->dispatchToRoute(Object(Illuminate\Http\Request))
#54 /home/rivalmsr/Documents/rdeveloper/laravel/e-pilpresma/bootstrap/cache/compiled.php(2419): Illuminate\Routing\Router->dispatch(Object(Illuminate\Http\Request))
#55 [internal function]: Illuminate\Foundation\Http\Kernel->Illuminate\Foundation\Http\{closure}(Object(Illuminate\Http\Request))
#56 /home/rivalmsr/Documents/rdeveloper/laravel/e-pilpresma/vendor/laravel/framework/src/Illuminate/Routing/Pipeline.php(52): call_user_func(Object(Closure), Object(Illuminate\Http\Request))
#57 /home/rivalmsr/Documents/rdeveloper/laravel/e-pilpresma/vendor/barryvdh/laravel-debugbar/src/Middleware/Debugbar.php(51): Illuminate\Routing\Pipeline->Illuminate\Routing\{closure}(Object(Illuminate\Http\Request))
#58 [internal function]: Barryvdh\Debugbar\Middleware\Debugbar->handle(Object(Illuminate\Http\Request), Object(Closure))
#59 /home/rivalmsr/Documents/rdeveloper/laravel/e-pilpresma/bootstrap/cache/compiled.php(9963): call_user_func_array(Array, Array)
#60 [internal function]: Illuminate\Pipeline\Pipeline->Illuminate\Pipeline\{closure}(Object(Illuminate\Http\Request))
#61 /home/rivalmsr/Documents/rdeveloper/laravel/e-pilpresma/vendor/laravel/framework/src/Illuminate/Routing/Pipeline.php(32): call_user_func(Object(Closure), Object(Illuminate\Http\Request))
#62 /home/rivalmsr/Documents/rdeveloper/laravel/e-pilpresma/bootstrap/cache/compiled.php(3286): Illuminate\Routing\Pipeline->Illuminate\Routing\{closure}(Object(Illuminate\Http\Request))
#63 [internal function]: Illuminate\Foundation\Http\Middleware\CheckForMaintenanceMode->handle(Object(Illuminate\Http\Request), Object(Closure))
#64 /home/rivalmsr/Documents/rdeveloper/laravel/e-pilpresma/bootstrap/cache/compiled.php(9963): call_user_func_array(Array, Array)
#65 [internal function]: Illuminate\Pipeline\Pipeline->Illuminate\Pipeline\{closure}(Object(Illuminate\Http\Request))
#66 /home/rivalmsr/Documents/rdeveloper/laravel/e-pilpresma/vendor/laravel/framework/src/Illuminate/Routing/Pipeline.php(32): call_user_func(Object(Closure), Object(Illuminate\Http\Request))
#67 [internal function]: Illuminate\Routing\Pipeline->Illuminate\Routing\{closure}(Object(Illuminate\Http\Request))
#68 /home/rivalmsr/Documents/rdeveloper/laravel/e-pilpresma/bootstrap/cache/compiled.php(9948): call_user_func(Object(Closure), Object(Illuminate\Http\Request))
#69 /home/rivalmsr/Documents/rdeveloper/laravel/e-pilpresma/bootstrap/cache/compiled.php(2366): Illuminate\Pipeline\Pipeline->then(Object(Closure))
#70 /home/rivalmsr/Documents/rdeveloper/laravel/e-pilpresma/bootstrap/cache/compiled.php(2350): Illuminate\Foundation\Http\Kernel->sendRequestThroughRouter(Object(Illuminate\Http\Request))
#71 /home/rivalmsr/Documents/rdeveloper/laravel/e-pilpresma/public/index.php(53): Illuminate\Foundation\Http\Kernel->handle(Object(Illuminate\Http\Request))
#72 /home/rivalmsr/Documents/rdeveloper/laravel/e-pilpresma/server.php(21): require_once('/home/rivalmsr/...')
#73 {main}  
